{"C:\\2020\\SPG\\projects\\energy-manager\\server\\src\\app.module.ts": {"path":"C:\\2020\\SPG\\projects\\energy-manager\\server\\src\\app.module.ts","statementMap":{"0":{"start":{"line":1,"column":0},"end":{"line":1,"column":40}},"1":{"start":{"line":2,"column":0},"end":{"line":2,"column":48}},"2":{"start":{"line":3,"column":0},"end":{"line":3,"column":50}},"3":{"start":{"line":4,"column":0},"end":{"line":4,"column":41}},"4":{"start":{"line":5,"column":0},"end":{"line":5,"column":54}},"5":{"start":{"line":6,"column":0},"end":{"line":6,"column":56}},"6":{"start":{"line":7,"column":0},"end":{"line":7,"column":50}},"7":{"start":{"line":8,"column":0},"end":{"line":8,"column":63}},"8":{"start":{"line":9,"column":0},"end":{"line":9,"column":78}},"9":{"start":{"line":10,"column":0},"end":{"line":10,"column":65}},"10":{"start":{"line":34,"column":0},"end":{"line":34,"column":null}},"11":{"start":{"line":34,"column":13},"end":{"line":34,"column":null}},"12":{"start":{"line":34,"column":13},"end":{"line":34,"column":22}}},"fnMap":{},"branchMap":{},"s":{"0":8,"1":8,"2":8,"3":8,"4":8,"5":8,"6":8,"7":8,"8":8,"9":8,"10":8,"11":8,"12":8},"f":{},"b":{}}
,"C:\\2020\\SPG\\projects\\energy-manager\\server\\src\\config.ts": {"path":"C:\\2020\\SPG\\projects\\energy-manager\\server\\src\\config.ts","statementMap":{"0":{"start":{"line":1,"column":0},"end":{"line":1,"column":27}},"1":{"start":{"line":2,"column":0},"end":{"line":2,"column":25}},"2":{"start":{"line":3,"column":0},"end":{"line":3,"column":29}},"3":{"start":{"line":4,"column":0},"end":{"line":4,"column":40}},"4":{"start":{"line":6,"column":15},"end":{"line":6,"column":35}},"5":{"start":{"line":9,"column":2},"end":{"line":9,"column":25}},"6":{"start":{"line":11,"column":2},"end":{"line":11,"column":25}},"7":{"start":{"line":12,"column":2},"end":{"line":12,"column":46}},"8":{"start":{"line":13,"column":2},"end":{"line":13,"column":41}},"9":{"start":{"line":14,"column":2},"end":{"line":14,"column":60}},"10":{"start":{"line":15,"column":2},"end":{"line":15,"column":75}},"11":{"start":{"line":16,"column":2},"end":{"line":16,"column":93}},"12":{"start":{"line":17,"column":2},"end":{"line":17,"column":63}},"13":{"start":{"line":18,"column":2},"end":{"line":18,"column":51}},"14":{"start":{"line":19,"column":2},"end":{"line":19,"column":57}},"15":{"start":{"line":20,"column":2},"end":{"line":20,"column":49}},"16":{"start":{"line":21,"column":2},"end":{"line":21,"column":69}},"17":{"start":{"line":22,"column":2},"end":{"line":22,"column":39}},"18":{"start":{"line":23,"column":2},"end":{"line":23,"column":47}},"19":{"start":{"line":24,"column":2},"end":{"line":24,"column":33}},"20":{"start":{"line":25,"column":2},"end":{"line":25,"column":45}},"21":{"start":{"line":26,"column":2},"end":{"line":26,"column":40}},"22":{"start":{"line":27,"column":2},"end":{"line":27,"column":46}},"23":{"start":{"line":28,"column":2},"end":{"line":28,"column":66}},"24":{"start":{"line":29,"column":2},"end":{"line":29,"column":55}},"25":{"start":{"line":30,"column":2},"end":{"line":30,"column":46}},"26":{"start":{"line":31,"column":2},"end":{"line":31,"column":65}},"27":{"start":{"line":32,"column":2},"end":{"line":32,"column":58}},"28":{"start":{"line":33,"column":2},"end":{"line":33,"column":62}},"29":{"start":{"line":34,"column":2},"end":{"line":34,"column":88}},"30":{"start":{"line":35,"column":2},"end":{"line":35,"column":91}},"31":{"start":{"line":36,"column":2},"end":{"line":36,"column":50}},"32":{"start":{"line":38,"column":2},"end":{"line":38,"column":76}},"33":{"start":{"line":39,"column":2},"end":{"line":39,"column":73}},"34":{"start":{"line":40,"column":2},"end":{"line":40,"column":63}},"35":{"start":{"line":41,"column":2},"end":{"line":41,"column":45}},"36":{"start":{"line":42,"column":2},"end":{"line":42,"column":112}},"37":{"start":{"line":43,"column":2},"end":{"line":43,"column":90}},"38":{"start":{"line":44,"column":2},"end":{"line":44,"column":40}},"39":{"start":{"line":45,"column":2},"end":{"line":45,"column":34}},"40":{"start":{"line":46,"column":2},"end":{"line":46,"column":33}},"41":{"start":{"line":49,"column":4},"end":{"line":49,"column":28}},"42":{"start":{"line":53,"column":4},"end":{"line":53,"column":21}},"43":{"start":{"line":57,"column":4},"end":{"line":57,"column":43}},"44":{"start":{"line":58,"column":4},"end":{"line":62,"column":null}},"45":{"start":{"line":59,"column":6},"end":{"line":61,"column":null}},"46":{"start":{"line":60,"column":8},"end":{"line":60,"column":46}},"47":{"start":{"line":63,"column":4},"end":{"line":63,"column":23}},"48":{"start":{"line":67,"column":19},"end":{"line":67,"column":49}},"49":{"start":{"line":68,"column":4},"end":{"line":74,"column":null}},"50":{"start":{"line":69,"column":6},"end":{"line":73,"column":null}},"51":{"start":{"line":70,"column":22},"end":{"line":70,"column":36}},"52":{"start":{"line":71,"column":31},"end":{"line":71,"column":69}},"53":{"start":{"line":72,"column":8},"end":{"line":72,"column":40}},"54":{"start":{"line":79,"column":4},"end":{"line":81,"column":null}},"55":{"start":{"line":80,"column":6},"end":{"line":80,"column":116}},"56":{"start":{"line":80,"column":69},"end":{"line":80,"column":114}},"57":{"start":{"line":82,"column":4},"end":{"line":82,"column":20}},"58":{"start":{"line":8,"column":0},"end":{"line":8,"column":13}},"59":{"start":{"line":86,"column":23},"end":{"line":86,"column":72}},"60":{"start":{"line":87,"column":26},"end":{"line":87,"column":99}},"61":{"start":{"line":89,"column":19},"end":{"line":89,"column":73}},"62":{"start":{"line":90,"column":0},"end":{"line":90,"column":73}},"63":{"start":{"line":91,"column":0},"end":{"line":91,"column":61}},"64":{"start":{"line":92,"column":0},"end":{"line":96,"column":null}},"65":{"start":{"line":93,"column":2},"end":{"line":95,"column":4}},"66":{"start":{"line":97,"column":22},"end":{"line":97,"column":79}},"67":{"start":{"line":99,"column":15},"end":{"line":99,"column":116}},"68":{"start":{"line":101,"column":9},"end":{"line":101,"column":15}},"69":{"start":{"line":104,"column":2},"end":{"line":104,"column":24}},"70":{"start":{"line":105,"column":2},"end":{"line":116,"column":null}},"71":{"start":{"line":106,"column":4},"end":{"line":115,"column":null}},"72":{"start":{"line":107,"column":21},"end":{"line":107,"column":72}},"73":{"start":{"line":108,"column":21},"end":{"line":108,"column":37}},"74":{"start":{"line":110,"column":6},"end":{"line":114,"column":null}},"75":{"start":{"line":111,"column":8},"end":{"line":111,"column":46}},"76":{"start":{"line":113,"column":8},"end":{"line":113,"column":32}},"77":{"start":{"line":117,"column":2},"end":{"line":117,"column":16}},"78":{"start":{"line":121,"column":21},"end":{"line":121,"column":54}},"79":{"start":{"line":122,"column":2},"end":{"line":131,"column":null}},"80":{"start":{"line":123,"column":4},"end":{"line":130,"column":null}},"81":{"start":{"line":124,"column":20},"end":{"line":124,"column":35}},"82":{"start":{"line":125,"column":6},"end":{"line":129,"column":null}},"83":{"start":{"line":126,"column":8},"end":{"line":128,"column":null}},"84":{"start":{"line":127,"column":10},"end":{"line":127,"column":31}},"85":{"start":{"line":133,"column":2},"end":{"line":133,"column":14}}},"fnMap":{"0":{"name":"(anonymous_2)","decl":{"start":{"line":48,"column":2},"end":{"line":48,"column":14}},"loc":{"start":{"line":48,"column":24},"end":{"line":50,"column":3}}},"1":{"name":"(anonymous_3)","decl":{"start":{"line":52,"column":9},"end":{"line":52,"column":12}},"loc":{"start":{"line":52,"column":24},"end":{"line":54,"column":3}}},"2":{"name":"(anonymous_4)","decl":{"start":{"line":56,"column":9},"end":{"line":56,"column":15}},"loc":{"start":{"line":56,"column":26},"end":{"line":64,"column":3}}},"3":{"name":"(anonymous_5)","decl":{"start":{"line":66,"column":9},"end":{"line":66,"column":20}},"loc":{"start":{"line":66,"column":20},"end":{"line":75,"column":3}}},"4":{"name":"(anonymous_6)","decl":{"start":{"line":77,"column":10},"end":{"line":77,"column":25}},"loc":{"start":{"line":77,"column":45},"end":{"line":83,"column":3}}},"5":{"name":"(anonymous_7)","decl":{"start":{"line":80,"column":61},"end":{"line":80,"column":65}},"loc":{"start":{"line":80,"column":69},"end":{"line":80,"column":114}}},"6":{"name":"objectToArray","decl":{"start":{"line":103,"column":9},"end":{"line":103,"column":22}},"loc":{"start":{"line":103,"column":51},"end":{"line":118,"column":1}}},"7":{"name":"ipAddress","decl":{"start":{"line":120,"column":9},"end":{"line":120,"column":18}},"loc":{"start":{"line":120,"column":18},"end":{"line":134,"column":1}}}},"branchMap":{"0":{"loc":{"start":{"line":59,"column":6},"end":{"line":61,"column":null}},"type":"if","locations":[{"start":{"line":59,"column":6},"end":{"line":61,"column":null}},{"start":{"line":59,"column":6},"end":{"line":61,"column":null}}]},"1":{"loc":{"start":{"line":69,"column":6},"end":{"line":73,"column":null}},"type":"if","locations":[{"start":{"line":69,"column":6},"end":{"line":73,"column":null}},{"start":{"line":69,"column":6},"end":{"line":73,"column":null}}]},"2":{"loc":{"start":{"line":79,"column":4},"end":{"line":81,"column":null}},"type":"if","locations":[{"start":{"line":79,"column":4},"end":{"line":81,"column":null}},{"start":{"line":79,"column":4},"end":{"line":81,"column":null}}]},"3":{"loc":{"start":{"line":92,"column":0},"end":{"line":96,"column":null}},"type":"if","locations":[{"start":{"line":92,"column":0},"end":{"line":96,"column":null}},{"start":{"line":92,"column":0},"end":{"line":96,"column":null}}]},"4":{"loc":{"start":{"line":104,"column":11},"end":{"line":104,"column":17}},"type":"binary-expr","locations":[{"start":{"line":104,"column":11},"end":{"line":104,"column":17}},{"start":{"line":104,"column":21},"end":{"line":104,"column":23}}]},"5":{"loc":{"start":{"line":106,"column":4},"end":{"line":115,"column":null}},"type":"if","locations":[{"start":{"line":106,"column":4},"end":{"line":115,"column":null}},{"start":{"line":106,"column":4},"end":{"line":115,"column":null}}]},"6":{"loc":{"start":{"line":107,"column":34},"end":{"line":107,"column":61}},"type":"cond-expr","locations":[{"start":{"line":107,"column":34},"end":{"line":107,"column":61}},{"start":{"line":107,"column":64},"end":{"line":107,"column":72}}]},"7":{"loc":{"start":{"line":110,"column":6},"end":{"line":114,"column":null}},"type":"if","locations":[{"start":{"line":110,"column":6},"end":{"line":114,"column":null}},{"start":{"line":110,"column":6},"end":{"line":114,"column":null}}]},"8":{"loc":{"start":{"line":123,"column":4},"end":{"line":130,"column":null}},"type":"if","locations":[{"start":{"line":123,"column":4},"end":{"line":130,"column":null}},{"start":{"line":123,"column":4},"end":{"line":130,"column":null}}]},"9":{"loc":{"start":{"line":126,"column":8},"end":{"line":128,"column":null}},"type":"if","locations":[{"start":{"line":126,"column":8},"end":{"line":128,"column":null}},{"start":{"line":126,"column":8},"end":{"line":128,"column":null}}]},"10":{"loc":{"start":{"line":126,"column":12},"end":{"line":126,"column":35}},"type":"binary-expr","locations":[{"start":{"line":126,"column":12},"end":{"line":126,"column":35}},{"start":{"line":126,"column":39},"end":{"line":126,"column":68}},{"start":{"line":126,"column":72},"end":{"line":126,"column":87}}]}},"s":{"0":8,"1":8,"2":8,"3":8,"4":8,"5":8,"6":8,"7":8,"8":8,"9":8,"10":8,"11":8,"12":8,"13":8,"14":8,"15":8,"16":8,"17":8,"18":8,"19":8,"20":8,"21":8,"22":8,"23":8,"24":8,"25":8,"26":8,"27":8,"28":8,"29":8,"30":8,"31":8,"32":8,"33":8,"34":8,"35":8,"36":8,"37":8,"38":8,"39":8,"40":8,"41":8,"42":8,"43":8,"44":8,"45":304,"46":304,"47":8,"48":8,"49":8,"50":320,"51":320,"52":320,"53":320,"54":320,"55":216,"56":64,"57":104,"58":8,"59":8,"60":8,"61":8,"62":8,"63":8,"64":8,"65":0,"66":8,"67":8,"68":8,"69":280,"70":280,"71":864,"72":864,"73":864,"74":864,"75":256,"76":608,"77":280,"78":8,"79":8,"80":8,"81":8,"82":8,"83":16,"84":8,"85":0},"f":{"0":8,"1":8,"2":8,"3":8,"4":320,"5":64,"6":280,"7":8},"b":{"0":[304,0],"1":[320,0],"2":[216,104],"3":[0,8],"4":[280,24],"5":[864,0],"6":[512,352],"7":[256,608],"8":[8,0],"9":[8,8],"10":[16,8,8]}}
,"C:\\2020\\SPG\\projects\\energy-manager\\server\\src\\orm.config.ts": {"path":"C:\\2020\\SPG\\projects\\energy-manager\\server\\src\\orm.config.ts","statementMap":{"0":{"start":{"line":3,"column":19},"end":{"line":11,"column":2}},"1":{"start":{"line":13,"column":38},"end":{"line":23,"column":2}},"2":{"start":{"line":54,"column":9},"end":{"line":54,"column":18}},"3":{"start":{"line":25,"column":0},"end":{"line":38,"column":null}},"4":{"start":{"line":26,"column":2},"end":{"line":37,"column":4}},"5":{"start":{"line":40,"column":0},"end":{"line":52,"column":null}},"6":{"start":{"line":41,"column":2},"end":{"line":51,"column":4}}},"fnMap":{},"branchMap":{"0":{"loc":{"start":{"line":25,"column":0},"end":{"line":38,"column":null}},"type":"if","locations":[{"start":{"line":25,"column":0},"end":{"line":38,"column":null}},{"start":{"line":25,"column":0},"end":{"line":38,"column":null}}]},"1":{"loc":{"start":{"line":40,"column":0},"end":{"line":52,"column":null}},"type":"if","locations":[{"start":{"line":40,"column":0},"end":{"line":52,"column":null}},{"start":{"line":40,"column":0},"end":{"line":52,"column":null}}]}},"s":{"0":8,"1":8,"2":8,"3":8,"4":0,"5":8,"6":8},"f":{},"b":{"0":[0,8],"1":[8,0]}}
,"C:\\2020\\SPG\\projects\\energy-manager\\server\\src\\client\\header-util.ts": {"path":"C:\\2020\\SPG\\projects\\energy-manager\\server\\src\\client\\header-util.ts","statementMap":{"0":{"start":{"line":1,"column":0},"end":{"line":1,"column":35}},"1":{"start":{"line":5,"column":24},"end":{"line":5,"column":61}},"2":{"start":{"line":6,"column":26},"end":{"line":6,"column":30}},"3":{"start":{"line":10,"column":4},"end":{"line":10,"column":56}},"4":{"start":{"line":11,"column":4},"end":{"line":11,"column":55}},"5":{"start":{"line":15,"column":4},"end":{"line":15,"column":20}},"6":{"start":{"line":16,"column":20},"end":{"line":18,"column":70}},"7":{"start":{"line":19,"column":4},"end":{"line":19,"column":42}},"8":{"start":{"line":23,"column":20},"end":{"line":25,"column":66}},"9":{"start":{"line":26,"column":4},"end":{"line":26,"column":42}},"10":{"start":{"line":30,"column":4},"end":{"line":30,"column":20}},"11":{"start":{"line":31,"column":20},"end":{"line":33,"column":66}},"12":{"start":{"line":34,"column":4},"end":{"line":34,"column":42}},"13":{"start":{"line":38,"column":16},"end":{"line":38,"column":27}},"14":{"start":{"line":39,"column":4},"end":{"line":39,"column":52}},"15":{"start":{"line":40,"column":23},"end":{"line":40,"column":41}},"16":{"start":{"line":41,"column":21},"end":{"line":41,"column":39}},"17":{"start":{"line":42,"column":18},"end":{"line":42,"column":20}},"18":{"start":{"line":43,"column":4},"end":{"line":45,"column":null}},"19":{"start":{"line":44,"column":6},"end":{"line":44,"column":74}},"20":{"start":{"line":46,"column":4},"end":{"line":48,"column":null}},"21":{"start":{"line":47,"column":6},"end":{"line":47,"column":74}},"22":{"start":{"line":49,"column":4},"end":{"line":49,"column":72}},"23":{"start":{"line":50,"column":4},"end":{"line":50,"column":60}},"24":{"start":{"line":51,"column":4},"end":{"line":51,"column":39}},"25":{"start":{"line":55,"column":4},"end":{"line":55,"column":44}},"26":{"start":{"line":56,"column":4},"end":{"line":56,"column":45}},"27":{"start":{"line":57,"column":4},"end":{"line":57,"column":43}},"28":{"start":{"line":58,"column":4},"end":{"line":58,"column":57}},"29":{"start":{"line":59,"column":4},"end":{"line":59,"column":42}},"30":{"start":{"line":8,"column":0},"end":{"line":8,"column":13}}},"fnMap":{"0":{"name":"(anonymous_0)","decl":{"start":{"line":9,"column":2},"end":{"line":9,"column":8}},"loc":{"start":{"line":9,"column":66},"end":{"line":12,"column":3}}},"1":{"name":"(anonymous_1)","decl":{"start":{"line":14,"column":2},"end":{"line":14,"column":8}},"loc":{"start":{"line":14,"column":65},"end":{"line":20,"column":3}}},"2":{"name":"(anonymous_2)","decl":{"start":{"line":22,"column":2},"end":{"line":22,"column":8}},"loc":{"start":{"line":22,"column":65},"end":{"line":27,"column":3}}},"3":{"name":"(anonymous_3)","decl":{"start":{"line":29,"column":2},"end":{"line":29,"column":8}},"loc":{"start":{"line":29,"column":65},"end":{"line":35,"column":3}}},"4":{"name":"(anonymous_4)","decl":{"start":{"line":37,"column":2},"end":{"line":37,"column":8}},"loc":{"start":{"line":37,"column":61},"end":{"line":52,"column":3}}},"5":{"name":"(anonymous_5)","decl":{"start":{"line":54,"column":10},"end":{"line":54,"column":16}},"loc":{"start":{"line":54,"column":63},"end":{"line":60,"column":3}}}},"branchMap":{"0":{"loc":{"start":{"line":17,"column":8},"end":{"line":17,"column":55}},"type":"cond-expr","locations":[{"start":{"line":17,"column":8},"end":{"line":17,"column":55}},{"start":{"line":18,"column":8},"end":{"line":18,"column":70}}]},"1":{"loc":{"start":{"line":24,"column":8},"end":{"line":24,"column":55}},"type":"cond-expr","locations":[{"start":{"line":24,"column":8},"end":{"line":24,"column":55}},{"start":{"line":25,"column":8},"end":{"line":25,"column":66}}]},"2":{"loc":{"start":{"line":32,"column":8},"end":{"line":32,"column":55}},"type":"cond-expr","locations":[{"start":{"line":32,"column":8},"end":{"line":32,"column":55}},{"start":{"line":33,"column":8},"end":{"line":33,"column":66}}]},"3":{"loc":{"start":{"line":43,"column":4},"end":{"line":45,"column":null}},"type":"if","locations":[{"start":{"line":43,"column":4},"end":{"line":45,"column":null}},{"start":{"line":43,"column":4},"end":{"line":45,"column":null}}]},"4":{"loc":{"start":{"line":46,"column":4},"end":{"line":48,"column":null}},"type":"if","locations":[{"start":{"line":46,"column":4},"end":{"line":48,"column":null}},{"start":{"line":46,"column":4},"end":{"line":48,"column":null}}]}},"s":{"0":8,"1":8,"2":8,"3":21,"4":21,"5":14,"6":14,"7":14,"8":0,"9":0,"10":7,"11":7,"12":7,"13":6,"14":6,"15":6,"16":6,"17":6,"18":6,"19":0,"20":6,"21":0,"22":6,"23":6,"24":6,"25":12,"26":12,"27":12,"28":12,"29":12,"30":8},"f":{"0":21,"1":14,"2":0,"3":7,"4":6,"5":12},"b":{"0":[14,0],"1":[0,0],"2":[7,0],"3":[0,6],"4":[0,6]}}
,"C:\\2020\\SPG\\projects\\energy-manager\\server\\src\\client\\interceptors\\logging.interceptor.ts": {"path":"C:\\2020\\SPG\\projects\\energy-manager\\server\\src\\client\\interceptors\\logging.interceptor.ts","statementMap":{"0":{"start":{"line":1,"column":0},"end":{"line":1,"column":100}},"1":{"start":{"line":6,"column":0},"end":{"line":12,"column":null}},"2":{"start":{"line":8,"column":25},"end":{"line":8,"column":60}},"3":{"start":{"line":9,"column":4},"end":{"line":9,"column":127}},"4":{"start":{"line":10,"column":4},"end":{"line":10,"column":25}},"5":{"start":{"line":6,"column":13},"end":{"line":12,"column":null}},"6":{"start":{"line":6,"column":13},"end":{"line":6,"column":31}}},"fnMap":{"0":{"name":"(anonymous_1)","decl":{"start":{"line":7,"column":2},"end":{"line":7,"column":11}},"loc":{"start":{"line":7,"column":56},"end":{"line":11,"column":3}}}},"branchMap":{},"s":{"0":8,"1":8,"2":36,"3":36,"4":36,"5":8,"6":8},"f":{"0":36},"b":{}}
,"C:\\2020\\SPG\\projects\\energy-manager\\server\\src\\domain\\authority.entity.ts": {"path":"C:\\2020\\SPG\\projects\\energy-manager\\server\\src\\domain\\authority.entity.ts","statementMap":{"0":{"start":{"line":1,"column":0},"end":{"line":1,"column":48}},"1":{"start":{"line":2,"column":0},"end":{"line":2,"column":51}},"2":{"start":{"line":5,"column":0},"end":{"line":9,"column":null}},"3":{"start":{"line":8,"column":2},"end":{"line":8,"column":null}},"4":{"start":{"line":5,"column":13},"end":{"line":9,"column":null}},"5":{"start":{"line":5,"column":13},"end":{"line":5,"column":22}}},"fnMap":{},"branchMap":{},"s":{"0":8,"1":8,"2":8,"3":8,"4":8,"5":8},"f":{},"b":{}}
,"C:\\2020\\SPG\\projects\\energy-manager\\server\\src\\domain\\country.entity.ts": {"path":"C:\\2020\\SPG\\projects\\energy-manager\\server\\src\\domain\\country.entity.ts","statementMap":{"0":{"start":{"line":2,"column":0},"end":{"line":2,"column":132}},"1":{"start":{"line":3,"column":0},"end":{"line":3,"column":48}},"2":{"start":{"line":7,"column":0},"end":{"line":7,"column":37}},"3":{"start":{"line":8,"column":0},"end":{"line":8,"column":33}},"4":{"start":{"line":14,"column":0},"end":{"line":32,"column":null}},"5":{"start":{"line":16,"column":2},"end":{"line":16,"column":null}},"6":{"start":{"line":23,"column":2},"end":{"line":23,"column":null}},"7":{"start":{"line":19,"column":12},"end":{"line":19,"column":18}},"8":{"start":{"line":20,"column":13},"end":{"line":20,"column":26}},"9":{"start":{"line":29,"column":2},"end":{"line":29,"column":null}},"10":{"start":{"line":26,"column":12},"end":{"line":26,"column":16}},"11":{"start":{"line":27,"column":13},"end":{"line":27,"column":26}},"12":{"start":{"line":14,"column":21},"end":{"line":32,"column":null}},"13":{"start":{"line":14,"column":21},"end":{"line":14,"column":29}}},"fnMap":{"0":{"name":"(anonymous_3)","decl":{"start":{"line":19,"column":4},"end":{"line":19,"column":8}},"loc":{"start":{"line":19,"column":12},"end":{"line":19,"column":18}}},"1":{"name":"(anonymous_4)","decl":{"start":{"line":20,"column":4},"end":{"line":20,"column":9}},"loc":{"start":{"line":20,"column":13},"end":{"line":20,"column":26}}},"2":{"name":"(anonymous_5)","decl":{"start":{"line":26,"column":4},"end":{"line":26,"column":8}},"loc":{"start":{"line":26,"column":12},"end":{"line":26,"column":16}}},"3":{"name":"(anonymous_6)","decl":{"start":{"line":27,"column":4},"end":{"line":27,"column":9}},"loc":{"start":{"line":27,"column":13},"end":{"line":27,"column":26}}}},"branchMap":{},"s":{"0":8,"1":8,"2":8,"3":8,"4":8,"5":8,"6":8,"7":37,"8":37,"9":8,"10":37,"11":37,"12":8,"13":8},"f":{"0":37,"1":37,"2":37,"3":37},"b":{}}
,"C:\\2020\\SPG\\projects\\energy-manager\\server\\src\\domain\\energy-billing-data.entity.ts": {"path":"C:\\2020\\SPG\\projects\\energy-manager\\server\\src\\domain\\energy-billing-data.entity.ts","statementMap":{"0":{"start":{"line":2,"column":0},"end":{"line":2,"column":132}},"1":{"start":{"line":3,"column":0},"end":{"line":3,"column":48}},"2":{"start":{"line":8,"column":0},"end":{"line":8,"column":46}},"3":{"start":{"line":9,"column":0},"end":{"line":9,"column":33}},"4":{"start":{"line":15,"column":0},"end":{"line":35,"column":null}},"5":{"start":{"line":17,"column":2},"end":{"line":17,"column":null}},"6":{"start":{"line":20,"column":2},"end":{"line":20,"column":null}},"7":{"start":{"line":23,"column":2},"end":{"line":23,"column":null}},"8":{"start":{"line":26,"column":2},"end":{"line":26,"column":null}},"9":{"start":{"line":29,"column":2},"end":{"line":29,"column":null}},"10":{"start":{"line":28,"column":21},"end":{"line":28,"column":31}},"11":{"start":{"line":32,"column":2},"end":{"line":32,"column":null}},"12":{"start":{"line":31,"column":21},"end":{"line":31,"column":25}},"13":{"start":{"line":15,"column":21},"end":{"line":35,"column":null}},"14":{"start":{"line":15,"column":21},"end":{"line":15,"column":39}}},"fnMap":{"0":{"name":"(anonymous_3)","decl":{"start":{"line":28,"column":13},"end":{"line":28,"column":17}},"loc":{"start":{"line":28,"column":21},"end":{"line":28,"column":31}}},"1":{"name":"(anonymous_4)","decl":{"start":{"line":31,"column":13},"end":{"line":31,"column":17}},"loc":{"start":{"line":31,"column":21},"end":{"line":31,"column":25}}}},"branchMap":{},"s":{"0":8,"1":8,"2":8,"3":8,"4":8,"5":8,"6":8,"7":8,"8":8,"9":8,"10":37,"11":8,"12":37,"13":8,"14":8},"f":{"0":37,"1":37},"b":{}}
,"C:\\2020\\SPG\\projects\\energy-manager\\server\\src\\domain\\energy-type.entity.ts": {"path":"C:\\2020\\SPG\\projects\\energy-manager\\server\\src\\domain\\energy-type.entity.ts","statementMap":{"0":{"start":{"line":2,"column":0},"end":{"line":2,"column":132}},"1":{"start":{"line":3,"column":0},"end":{"line":3,"column":48}},"2":{"start":{"line":11,"column":0},"end":{"line":16,"column":null}},"3":{"start":{"line":13,"column":2},"end":{"line":13,"column":null}},"4":{"start":{"line":11,"column":21},"end":{"line":16,"column":null}},"5":{"start":{"line":11,"column":21},"end":{"line":11,"column":32}}},"fnMap":{},"branchMap":{},"s":{"0":8,"1":8,"2":8,"3":8,"4":8,"5":8},"f":{},"b":{}}
,"C:\\2020\\SPG\\projects\\energy-manager\\server\\src\\domain\\region.entity.ts": {"path":"C:\\2020\\SPG\\projects\\energy-manager\\server\\src\\domain\\region.entity.ts","statementMap":{"0":{"start":{"line":2,"column":0},"end":{"line":2,"column":132}},"1":{"start":{"line":3,"column":0},"end":{"line":3,"column":48}},"2":{"start":{"line":7,"column":0},"end":{"line":7,"column":39}},"3":{"start":{"line":13,"column":0},"end":{"line":24,"column":null}},"4":{"start":{"line":15,"column":2},"end":{"line":15,"column":null}},"5":{"start":{"line":21,"column":2},"end":{"line":21,"column":null}},"6":{"start":{"line":18,"column":12},"end":{"line":18,"column":19}},"7":{"start":{"line":19,"column":13},"end":{"line":19,"column":25}},"8":{"start":{"line":13,"column":21},"end":{"line":24,"column":null}},"9":{"start":{"line":13,"column":21},"end":{"line":13,"column":28}}},"fnMap":{"0":{"name":"(anonymous_3)","decl":{"start":{"line":18,"column":4},"end":{"line":18,"column":8}},"loc":{"start":{"line":18,"column":12},"end":{"line":18,"column":19}}},"1":{"name":"(anonymous_4)","decl":{"start":{"line":19,"column":4},"end":{"line":19,"column":9}},"loc":{"start":{"line":19,"column":13},"end":{"line":19,"column":25}}}},"branchMap":{},"s":{"0":8,"1":8,"2":8,"3":8,"4":8,"5":8,"6":37,"7":37,"8":8,"9":8},"f":{"0":37,"1":37},"b":{}}
,"C:\\2020\\SPG\\projects\\energy-manager\\server\\src\\domain\\site.entity.ts": {"path":"C:\\2020\\SPG\\projects\\energy-manager\\server\\src\\domain\\site.entity.ts","statementMap":{"0":{"start":{"line":2,"column":0},"end":{"line":2,"column":132}},"1":{"start":{"line":3,"column":0},"end":{"line":3,"column":48}},"2":{"start":{"line":7,"column":0},"end":{"line":7,"column":39}},"3":{"start":{"line":13,"column":0},"end":{"line":43,"column":null}},"4":{"start":{"line":15,"column":2},"end":{"line":15,"column":null}},"5":{"start":{"line":18,"column":2},"end":{"line":18,"column":null}},"6":{"start":{"line":21,"column":2},"end":{"line":21,"column":null}},"7":{"start":{"line":24,"column":2},"end":{"line":24,"column":null}},"8":{"start":{"line":27,"column":2},"end":{"line":27,"column":null}},"9":{"start":{"line":30,"column":2},"end":{"line":30,"column":null}},"10":{"start":{"line":33,"column":2},"end":{"line":33,"column":null}},"11":{"start":{"line":40,"column":2},"end":{"line":40,"column":null}},"12":{"start":{"line":36,"column":12},"end":{"line":36,"column":19}},"13":{"start":{"line":37,"column":13},"end":{"line":37,"column":23}},"14":{"start":{"line":13,"column":21},"end":{"line":43,"column":null}},"15":{"start":{"line":13,"column":21},"end":{"line":13,"column":26}}},"fnMap":{"0":{"name":"(anonymous_3)","decl":{"start":{"line":36,"column":4},"end":{"line":36,"column":8}},"loc":{"start":{"line":36,"column":12},"end":{"line":36,"column":19}}},"1":{"name":"(anonymous_4)","decl":{"start":{"line":37,"column":4},"end":{"line":37,"column":9}},"loc":{"start":{"line":37,"column":13},"end":{"line":37,"column":23}}}},"branchMap":{},"s":{"0":8,"1":8,"2":8,"3":8,"4":8,"5":8,"6":8,"7":8,"8":8,"9":8,"10":8,"11":8,"12":37,"13":37,"14":8,"15":8},"f":{"0":37,"1":37},"b":{}}
,"C:\\2020\\SPG\\projects\\energy-manager\\server\\src\\domain\\user.entity.ts": {"path":"C:\\2020\\SPG\\projects\\energy-manager\\server\\src\\domain\\user.entity.ts","statementMap":{"0":{"start":{"line":1,"column":0},"end":{"line":1,"column":47}},"1":{"start":{"line":2,"column":0},"end":{"line":2,"column":64}},"2":{"start":{"line":3,"column":0},"end":{"line":3,"column":48}},"3":{"start":{"line":4,"column":0},"end":{"line":4,"column":51}},"4":{"start":{"line":7,"column":0},"end":{"line":44,"column":null}},"5":{"start":{"line":10,"column":2},"end":{"line":10,"column":null}},"6":{"start":{"line":13,"column":2},"end":{"line":13,"column":null}},"7":{"start":{"line":16,"column":2},"end":{"line":16,"column":null}},"8":{"start":{"line":19,"column":2},"end":{"line":19,"column":null}},"9":{"start":{"line":22,"column":2},"end":{"line":22,"column":null}},"10":{"start":{"line":25,"column":2},"end":{"line":25,"column":null}},"11":{"start":{"line":31,"column":2},"end":{"line":31,"column":null}},"12":{"start":{"line":28,"column":22},"end":{"line":28,"column":31}},"13":{"start":{"line":35,"column":2},"end":{"line":35,"column":null}},"14":{"start":{"line":37,"column":2},"end":{"line":37,"column":null}},"15":{"start":{"line":39,"column":2},"end":{"line":39,"column":null}},"16":{"start":{"line":41,"column":2},"end":{"line":41,"column":null}},"17":{"start":{"line":43,"column":2},"end":{"line":43,"column":null}},"18":{"start":{"line":7,"column":13},"end":{"line":44,"column":null}},"19":{"start":{"line":7,"column":13},"end":{"line":7,"column":17}}},"fnMap":{"0":{"name":"(anonymous_2)","decl":{"start":{"line":28,"column":14},"end":{"line":28,"column":18}},"loc":{"start":{"line":28,"column":22},"end":{"line":28,"column":31}}}},"branchMap":{},"s":{"0":8,"1":8,"2":8,"3":8,"4":8,"5":8,"6":8,"7":8,"8":8,"9":8,"10":8,"11":8,"12":37,"13":8,"14":8,"15":8,"16":8,"17":8,"18":8,"19":8},"f":{"0":37},"b":{}}
,"C:\\2020\\SPG\\projects\\energy-manager\\server\\src\\domain\\weather-data.entity.ts": {"path":"C:\\2020\\SPG\\projects\\energy-manager\\server\\src\\domain\\weather-data.entity.ts","statementMap":{"0":{"start":{"line":2,"column":0},"end":{"line":2,"column":132}},"1":{"start":{"line":3,"column":0},"end":{"line":3,"column":48}},"2":{"start":{"line":8,"column":0},"end":{"line":8,"column":33}},"3":{"start":{"line":14,"column":0},"end":{"line":31,"column":null}},"4":{"start":{"line":16,"column":2},"end":{"line":16,"column":null}},"5":{"start":{"line":19,"column":2},"end":{"line":19,"column":null}},"6":{"start":{"line":22,"column":2},"end":{"line":22,"column":null}},"7":{"start":{"line":25,"column":2},"end":{"line":25,"column":null}},"8":{"start":{"line":28,"column":2},"end":{"line":28,"column":null}},"9":{"start":{"line":27,"column":21},"end":{"line":27,"column":25}},"10":{"start":{"line":14,"column":21},"end":{"line":31,"column":null}},"11":{"start":{"line":14,"column":21},"end":{"line":14,"column":33}}},"fnMap":{"0":{"name":"(anonymous_3)","decl":{"start":{"line":27,"column":13},"end":{"line":27,"column":17}},"loc":{"start":{"line":27,"column":21},"end":{"line":27,"column":25}}}},"branchMap":{},"s":{"0":8,"1":8,"2":8,"3":8,"4":8,"5":8,"6":8,"7":8,"8":8,"9":37,"10":8,"11":8},"f":{"0":37},"b":{}}
,"C:\\2020\\SPG\\projects\\energy-manager\\server\\src\\domain\\base\\base.entity.ts": {"path":"C:\\2020\\SPG\\projects\\energy-manager\\server\\src\\domain\\base\\base.entity.ts","statementMap":{"0":{"start":{"line":1,"column":0},"end":{"line":1,"column":73}},"1":{"start":{"line":2,"column":0},"end":{"line":2,"column":51}},"2":{"start":{"line":8,"column":2},"end":{"line":8,"column":null}},"3":{"start":{"line":11,"column":2},"end":{"line":11,"column":null}},"4":{"start":{"line":13,"column":2},"end":{"line":13,"column":null}},"5":{"start":{"line":15,"column":2},"end":{"line":15,"column":null}},"6":{"start":{"line":17,"column":2},"end":{"line":17,"column":null}},"7":{"start":{"line":4,"column":0},"end":{"line":4,"column":22}}},"fnMap":{},"branchMap":{},"s":{"0":8,"1":8,"2":8,"3":8,"4":8,"5":8,"6":8,"7":8},"f":{},"b":{}}
,"C:\\2020\\SPG\\projects\\energy-manager\\server\\src\\domain\\base\\pagination.entity.ts": {"path":"C:\\2020\\SPG\\projects\\energy-manager\\server\\src\\domain\\base\\pagination.entity.ts","statementMap":{"0":{"start":{"line":3,"column":0},"end":{"line":3,"column":65}},"1":{"start":{"line":9,"column":4},"end":{"line":11,"column":null}},"2":{"start":{"line":10,"column":6},"end":{"line":10,"column":56}},"3":{"start":{"line":15,"column":18},"end":{"line":15,"column":20}},"4":{"start":{"line":16,"column":4},"end":{"line":16,"column":42}},"5":{"start":{"line":17,"column":4},"end":{"line":17,"column":17}},"6":{"start":{"line":5,"column":0},"end":{"line":5,"column":13}},"7":{"start":{"line":23,"column":2},"end":{"line":23,"column":19}},"8":{"start":{"line":25,"column":2},"end":{"line":25,"column":20}},"9":{"start":{"line":27,"column":2},"end":{"line":27,"column":34}},"10":{"start":{"line":30,"column":4},"end":{"line":30,"column":35}},"11":{"start":{"line":31,"column":4},"end":{"line":31,"column":35}},"12":{"start":{"line":32,"column":4},"end":{"line":32,"column":50}},"13":{"start":{"line":23,"column":2},"end":{"line":23,"column":null}},"14":{"start":{"line":25,"column":2},"end":{"line":25,"column":null}},"15":{"start":{"line":27,"column":2},"end":{"line":27,"column":null}},"16":{"start":{"line":26,"column":14},"end":{"line":26,"column":18}},"17":{"start":{"line":21,"column":0},"end":{"line":21,"column":13}},"18":{"start":{"line":37,"column":21},"end":{"line":37,"column":33}},"19":{"start":{"line":37,"column":42},"end":{"line":37,"column":55}},"20":{"start":{"line":37,"column":64},"end":{"line":37,"column":85}},"21":{"start":{"line":36,"column":0},"end":{"line":36,"column":13}}},"fnMap":{"0":{"name":"(anonymous_2)","decl":{"start":{"line":8,"column":2},"end":{"line":8,"column":14}},"loc":{"start":{"line":8,"column":26},"end":{"line":12,"column":3}}},"1":{"name":"(anonymous_3)","decl":{"start":{"line":14,"column":2},"end":{"line":14,"column":9}},"loc":{"start":{"line":14,"column":9},"end":{"line":18,"column":3}}},"2":{"name":"(anonymous_4)","decl":{"start":{"line":29,"column":2},"end":{"line":29,"column":14}},"loc":{"start":{"line":29,"column":72},"end":{"line":33,"column":3}}},"3":{"name":"(anonymous_5)","decl":{"start":{"line":26,"column":8},"end":{"line":26,"column":11}},"loc":{"start":{"line":26,"column":14},"end":{"line":26,"column":18}}},"4":{"name":"(anonymous_6)","decl":{"start":{"line":37,"column":2},"end":{"line":37,"column":21}},"loc":{"start":{"line":37,"column":85},"end":{"line":37,"column":89}}}},"branchMap":{"0":{"loc":{"start":{"line":9,"column":4},"end":{"line":11,"column":null}},"type":"if","locations":[{"start":{"line":9,"column":4},"end":{"line":11,"column":null}},{"start":{"line":9,"column":4},"end":{"line":11,"column":null}}]},"1":{"loc":{"start":{"line":30,"column":16},"end":{"line":30,"column":21}},"type":"binary-expr","locations":[{"start":{"line":30,"column":16},"end":{"line":30,"column":21}},{"start":{"line":30,"column":25},"end":{"line":30,"column":34}}]},"2":{"loc":{"start":{"line":31,"column":16},"end":{"line":31,"column":21}},"type":"binary-expr","locations":[{"start":{"line":31,"column":16},"end":{"line":31,"column":21}},{"start":{"line":31,"column":25},"end":{"line":31,"column":34}}]},"3":{"loc":{"start":{"line":32,"column":23},"end":{"line":32,"column":37}},"type":"cond-expr","locations":[{"start":{"line":32,"column":23},"end":{"line":32,"column":37}},{"start":{"line":32,"column":40},"end":{"line":32,"column":49}}]}},"s":{"0":8,"1":6,"2":6,"3":6,"4":6,"5":6,"6":8,"7":6,"8":6,"9":6,"10":6,"11":6,"12":6,"13":8,"14":8,"15":8,"16":0,"17":8,"18":6,"19":6,"20":6,"21":8},"f":{"0":6,"1":6,"2":6,"3":0,"4":6},"b":{"0":[6,0],"1":[6,6],"2":[6,6],"3":[0,6]}}
,"C:\\2020\\SPG\\projects\\energy-manager\\server\\src\\migrations\\1570200270081-CreateTables.ts": {"path":"C:\\2020\\SPG\\projects\\energy-manager\\server\\src\\migrations\\1570200270081-CreateTables.ts","statementMap":{"0":{"start":{"line":5,"column":4},"end":{"line":11,"column":null}},"1":{"start":{"line":6,"column":6},"end":{"line":8,"column":null}},"2":{"start":{"line":7,"column":8},"end":{"line":7,"column":46}},"3":{"start":{"line":10,"column":6},"end":{"line":10,"column":49}},"4":{"start":{"line":3,"column":0},"end":{"line":3,"column":13}}},"fnMap":{"0":{"name":"(anonymous_0)","decl":{"start":{"line":4,"column":9},"end":{"line":4,"column":14}},"loc":{"start":{"line":4,"column":42},"end":{"line":12,"column":3}}},"1":{"name":"(anonymous_1)","decl":{"start":{"line":15,"column":9},"end":{"line":15,"column":14}},"loc":{"start":{"line":15,"column":44},"end":{"line":15,"column":62}}}},"branchMap":{"0":{"loc":{"start":{"line":5,"column":4},"end":{"line":11,"column":null}},"type":"if","locations":[{"start":{"line":5,"column":4},"end":{"line":11,"column":null}},{"start":{"line":5,"column":4},"end":{"line":11,"column":null}}]},"1":{"loc":{"start":{"line":6,"column":6},"end":{"line":8,"column":null}},"type":"if","locations":[{"start":{"line":6,"column":6},"end":{"line":8,"column":null}},{"start":{"line":6,"column":6},"end":{"line":8,"column":null}}]}},"s":{"0":37,"1":0,"2":0,"3":0,"4":8},"f":{"0":37,"1":0},"b":{"0":[0,37],"1":[0,0]}}
,"C:\\2020\\SPG\\projects\\energy-manager\\server\\src\\migrations\\1570200490072-SeedUsersRoles.ts": {"path":"C:\\2020\\SPG\\projects\\energy-manager\\server\\src\\migrations\\1570200490072-SeedUsersRoles.ts","statementMap":{"0":{"start":{"line":2,"column":0},"end":{"line":2,"column":45}},"1":{"start":{"line":3,"column":0},"end":{"line":3,"column":55}},"2":{"start":{"line":6,"column":2},"end":{"line":6,"column":44}},"3":{"start":{"line":8,"column":2},"end":{"line":8,"column":43}},"4":{"start":{"line":10,"column":2},"end":{"line":21,"column":4}},"5":{"start":{"line":23,"column":2},"end":{"line":34,"column":4}},"6":{"start":{"line":36,"column":2},"end":{"line":47,"column":4}},"7":{"start":{"line":49,"column":2},"end":{"line":60,"column":4}},"8":{"start":{"line":63,"column":17},"end":{"line":63,"column":39}},"9":{"start":{"line":64,"column":4},"end":{"line":69,"column":17}},"10":{"start":{"line":71,"column":4},"end":{"line":76,"column":17}},"11":{"start":{"line":78,"column":4},"end":{"line":82,"column":37}},"12":{"start":{"line":84,"column":4},"end":{"line":88,"column":25}},"13":{"start":{"line":5,"column":0},"end":{"line":5,"column":13}}},"fnMap":{"0":{"name":"(anonymous_0)","decl":{"start":{"line":5,"column":0},"end":{"line":5,"column":13}},"loc":{"start":{"line":5,"column":0},"end":{"line":93,"column":1}}},"1":{"name":"(anonymous_1)","decl":{"start":{"line":62,"column":9},"end":{"line":62,"column":14}},"loc":{"start":{"line":62,"column":42},"end":{"line":89,"column":3}}},"2":{"name":"(anonymous_2)","decl":{"start":{"line":92,"column":9},"end":{"line":92,"column":14}},"loc":{"start":{"line":92,"column":44},"end":{"line":92,"column":62}}}},"branchMap":{},"s":{"0":8,"1":8,"2":8,"3":8,"4":8,"5":8,"6":8,"7":8,"8":37,"9":37,"10":37,"11":37,"12":37,"13":8},"f":{"0":8,"1":37,"2":0},"b":{}}
,"C:\\2020\\SPG\\projects\\energy-manager\\server\\src\\module\\auth.module.ts": {"path":"C:\\2020\\SPG\\projects\\energy-manager\\server\\src\\module\\auth.module.ts","statementMap":{"0":{"start":{"line":1,"column":0},"end":{"line":1,"column":40}},"1":{"start":{"line":2,"column":0},"end":{"line":2,"column":54}},"2":{"start":{"line":3,"column":0},"end":{"line":3,"column":51}},"3":{"start":{"line":4,"column":0},"end":{"line":4,"column":50}},"4":{"start":{"line":5,"column":0},"end":{"line":5,"column":40}},"5":{"start":{"line":6,"column":0},"end":{"line":6,"column":64}},"6":{"start":{"line":7,"column":0},"end":{"line":7,"column":68}},"7":{"start":{"line":8,"column":0},"end":{"line":8,"column":35}},"8":{"start":{"line":9,"column":0},"end":{"line":9,"column":48}},"9":{"start":{"line":10,"column":0},"end":{"line":10,"column":73}},"10":{"start":{"line":12,"column":0},"end":{"line":12,"column":61}},"11":{"start":{"line":13,"column":0},"end":{"line":13,"column":67}},"12":{"start":{"line":29,"column":0},"end":{"line":29,"column":null}},"13":{"start":{"line":29,"column":13},"end":{"line":29,"column":null}},"14":{"start":{"line":29,"column":13},"end":{"line":29,"column":23}}},"fnMap":{},"branchMap":{},"s":{"0":8,"1":8,"2":8,"3":8,"4":8,"5":8,"6":8,"7":8,"8":8,"9":8,"10":8,"11":8,"12":8,"13":8,"14":8},"f":{},"b":{}}
,"C:\\2020\\SPG\\projects\\energy-manager\\server\\src\\module\\country.module.ts": {"path":"C:\\2020\\SPG\\projects\\energy-manager\\server\\src\\module\\country.module.ts","statementMap":{"0":{"start":{"line":1,"column":0},"end":{"line":1,"column":40}},"1":{"start":{"line":2,"column":0},"end":{"line":2,"column":48}},"2":{"start":{"line":3,"column":0},"end":{"line":3,"column":67}},"3":{"start":{"line":4,"column":0},"end":{"line":4,"column":69}},"4":{"start":{"line":5,"column":0},"end":{"line":5,"column":60}},"5":{"start":{"line":13,"column":0},"end":{"line":13,"column":null}},"6":{"start":{"line":13,"column":13},"end":{"line":13,"column":null}},"7":{"start":{"line":13,"column":13},"end":{"line":13,"column":26}}},"fnMap":{},"branchMap":{},"s":{"0":8,"1":8,"2":8,"3":8,"4":8,"5":8,"6":8,"7":8},"f":{},"b":{}}
,"C:\\2020\\SPG\\projects\\energy-manager\\server\\src\\module\\energy-billing-data.module.ts": {"path":"C:\\2020\\SPG\\projects\\energy-manager\\server\\src\\module\\energy-billing-data.module.ts","statementMap":{"0":{"start":{"line":1,"column":0},"end":{"line":1,"column":40}},"1":{"start":{"line":2,"column":0},"end":{"line":2,"column":48}},"2":{"start":{"line":3,"column":0},"end":{"line":3,"column":89}},"3":{"start":{"line":4,"column":0},"end":{"line":4,"column":91}},"4":{"start":{"line":5,"column":0},"end":{"line":5,"column":82}},"5":{"start":{"line":13,"column":0},"end":{"line":13,"column":null}},"6":{"start":{"line":13,"column":13},"end":{"line":13,"column":null}},"7":{"start":{"line":13,"column":13},"end":{"line":13,"column":36}}},"fnMap":{},"branchMap":{},"s":{"0":8,"1":8,"2":8,"3":8,"4":8,"5":8,"6":8,"7":8},"f":{},"b":{}}
,"C:\\2020\\SPG\\projects\\energy-manager\\server\\src\\module\\energy-type.module.ts": {"path":"C:\\2020\\SPG\\projects\\energy-manager\\server\\src\\module\\energy-type.module.ts","statementMap":{"0":{"start":{"line":1,"column":0},"end":{"line":1,"column":40}},"1":{"start":{"line":2,"column":0},"end":{"line":2,"column":48}},"2":{"start":{"line":3,"column":0},"end":{"line":3,"column":74}},"3":{"start":{"line":4,"column":0},"end":{"line":4,"column":76}},"4":{"start":{"line":5,"column":0},"end":{"line":5,"column":67}},"5":{"start":{"line":13,"column":0},"end":{"line":13,"column":null}},"6":{"start":{"line":13,"column":13},"end":{"line":13,"column":null}},"7":{"start":{"line":13,"column":13},"end":{"line":13,"column":29}}},"fnMap":{},"branchMap":{},"s":{"0":8,"1":8,"2":8,"3":8,"4":8,"5":8,"6":8,"7":8},"f":{},"b":{}}
,"C:\\2020\\SPG\\projects\\energy-manager\\server\\src\\module\\region.module.ts": {"path":"C:\\2020\\SPG\\projects\\energy-manager\\server\\src\\module\\region.module.ts","statementMap":{"0":{"start":{"line":1,"column":0},"end":{"line":1,"column":40}},"1":{"start":{"line":2,"column":0},"end":{"line":2,"column":48}},"2":{"start":{"line":3,"column":0},"end":{"line":3,"column":65}},"3":{"start":{"line":4,"column":0},"end":{"line":4,"column":67}},"4":{"start":{"line":5,"column":0},"end":{"line":5,"column":58}},"5":{"start":{"line":13,"column":0},"end":{"line":13,"column":null}},"6":{"start":{"line":13,"column":13},"end":{"line":13,"column":null}},"7":{"start":{"line":13,"column":13},"end":{"line":13,"column":25}}},"fnMap":{},"branchMap":{},"s":{"0":8,"1":8,"2":8,"3":8,"4":8,"5":8,"6":8,"7":8},"f":{},"b":{}}
,"C:\\2020\\SPG\\projects\\energy-manager\\server\\src\\module\\site.module.ts": {"path":"C:\\2020\\SPG\\projects\\energy-manager\\server\\src\\module\\site.module.ts","statementMap":{"0":{"start":{"line":1,"column":0},"end":{"line":1,"column":40}},"1":{"start":{"line":2,"column":0},"end":{"line":2,"column":48}},"2":{"start":{"line":3,"column":0},"end":{"line":3,"column":61}},"3":{"start":{"line":4,"column":0},"end":{"line":4,"column":63}},"4":{"start":{"line":5,"column":0},"end":{"line":5,"column":54}},"5":{"start":{"line":13,"column":0},"end":{"line":13,"column":null}},"6":{"start":{"line":13,"column":13},"end":{"line":13,"column":null}},"7":{"start":{"line":13,"column":13},"end":{"line":13,"column":23}}},"fnMap":{},"branchMap":{},"s":{"0":8,"1":8,"2":8,"3":8,"4":8,"5":8,"6":8,"7":8},"f":{},"b":{}}
,"C:\\2020\\SPG\\projects\\energy-manager\\server\\src\\module\\user.module.ts": {"path":"C:\\2020\\SPG\\projects\\energy-manager\\server\\src\\module\\user.module.ts","statementMap":{"0":{"start":{"line":1,"column":0},"end":{"line":1,"column":40}},"1":{"start":{"line":2,"column":0},"end":{"line":2,"column":61}},"2":{"start":{"line":3,"column":0},"end":{"line":3,"column":73}},"3":{"start":{"line":4,"column":0},"end":{"line":4,"column":63}},"4":{"start":{"line":5,"column":0},"end":{"line":5,"column":48}},"5":{"start":{"line":6,"column":0},"end":{"line":6,"column":54}},"6":{"start":{"line":14,"column":0},"end":{"line":14,"column":null}},"7":{"start":{"line":14,"column":13},"end":{"line":14,"column":null}},"8":{"start":{"line":14,"column":13},"end":{"line":14,"column":23}}},"fnMap":{},"branchMap":{},"s":{"0":8,"1":8,"2":8,"3":8,"4":8,"5":8,"6":8,"7":8,"8":8},"f":{},"b":{}}
,"C:\\2020\\SPG\\projects\\energy-manager\\server\\src\\module\\weather-data.module.ts": {"path":"C:\\2020\\SPG\\projects\\energy-manager\\server\\src\\module\\weather-data.module.ts","statementMap":{"0":{"start":{"line":1,"column":0},"end":{"line":1,"column":40}},"1":{"start":{"line":2,"column":0},"end":{"line":2,"column":48}},"2":{"start":{"line":3,"column":0},"end":{"line":3,"column":76}},"3":{"start":{"line":4,"column":0},"end":{"line":4,"column":78}},"4":{"start":{"line":5,"column":0},"end":{"line":5,"column":69}},"5":{"start":{"line":13,"column":0},"end":{"line":13,"column":null}},"6":{"start":{"line":13,"column":13},"end":{"line":13,"column":null}},"7":{"start":{"line":13,"column":13},"end":{"line":13,"column":30}}},"fnMap":{},"branchMap":{},"s":{"0":8,"1":8,"2":8,"3":8,"4":8,"5":8,"6":8,"7":8},"f":{},"b":{}}
,"C:\\2020\\SPG\\projects\\energy-manager\\server\\src\\repository\\authority.repository.ts": {"path":"C:\\2020\\SPG\\projects\\energy-manager\\server\\src\\repository\\authority.repository.ts","statementMap":{"0":{"start":{"line":1,"column":0},"end":{"line":1,"column":55}},"1":{"start":{"line":2,"column":0},"end":{"line":2,"column":55}},"2":{"start":{"line":5,"column":0},"end":{"line":5,"column":null}},"3":{"start":{"line":5,"column":13},"end":{"line":5,"column":null}},"4":{"start":{"line":5,"column":13},"end":{"line":5,"column":32}}},"fnMap":{},"branchMap":{},"s":{"0":8,"1":8,"2":8,"3":8,"4":8},"f":{},"b":{}}
,"C:\\2020\\SPG\\projects\\energy-manager\\server\\src\\repository\\country.repository.ts": {"path":"C:\\2020\\SPG\\projects\\energy-manager\\server\\src\\repository\\country.repository.ts","statementMap":{"0":{"start":{"line":1,"column":0},"end":{"line":1,"column":55}},"1":{"start":{"line":2,"column":0},"end":{"line":2,"column":47}},"2":{"start":{"line":5,"column":0},"end":{"line":5,"column":null}},"3":{"start":{"line":5,"column":13},"end":{"line":5,"column":null}},"4":{"start":{"line":5,"column":13},"end":{"line":5,"column":30}}},"fnMap":{},"branchMap":{},"s":{"0":8,"1":8,"2":8,"3":8,"4":8},"f":{},"b":{}}
,"C:\\2020\\SPG\\projects\\energy-manager\\server\\src\\repository\\energy-billing-data.repository.ts": {"path":"C:\\2020\\SPG\\projects\\energy-manager\\server\\src\\repository\\energy-billing-data.repository.ts","statementMap":{"0":{"start":{"line":1,"column":0},"end":{"line":1,"column":55}},"1":{"start":{"line":2,"column":0},"end":{"line":2,"column":69}},"2":{"start":{"line":5,"column":0},"end":{"line":5,"column":null}},"3":{"start":{"line":5,"column":13},"end":{"line":5,"column":null}},"4":{"start":{"line":5,"column":13},"end":{"line":5,"column":40}}},"fnMap":{},"branchMap":{},"s":{"0":8,"1":8,"2":8,"3":8,"4":8},"f":{},"b":{}}
,"C:\\2020\\SPG\\projects\\energy-manager\\server\\src\\repository\\energy-type.repository.ts": {"path":"C:\\2020\\SPG\\projects\\energy-manager\\server\\src\\repository\\energy-type.repository.ts","statementMap":{"0":{"start":{"line":1,"column":0},"end":{"line":1,"column":55}},"1":{"start":{"line":2,"column":0},"end":{"line":2,"column":54}},"2":{"start":{"line":5,"column":0},"end":{"line":5,"column":null}},"3":{"start":{"line":5,"column":13},"end":{"line":5,"column":null}},"4":{"start":{"line":5,"column":13},"end":{"line":5,"column":33}}},"fnMap":{},"branchMap":{},"s":{"0":8,"1":8,"2":8,"3":8,"4":8},"f":{},"b":{}}
,"C:\\2020\\SPG\\projects\\energy-manager\\server\\src\\repository\\region.repository.ts": {"path":"C:\\2020\\SPG\\projects\\energy-manager\\server\\src\\repository\\region.repository.ts","statementMap":{"0":{"start":{"line":1,"column":0},"end":{"line":1,"column":55}},"1":{"start":{"line":2,"column":0},"end":{"line":2,"column":45}},"2":{"start":{"line":5,"column":0},"end":{"line":5,"column":null}},"3":{"start":{"line":5,"column":13},"end":{"line":5,"column":null}},"4":{"start":{"line":5,"column":13},"end":{"line":5,"column":29}}},"fnMap":{},"branchMap":{},"s":{"0":8,"1":8,"2":8,"3":8,"4":8},"f":{},"b":{}}
,"C:\\2020\\SPG\\projects\\energy-manager\\server\\src\\repository\\site.repository.ts": {"path":"C:\\2020\\SPG\\projects\\energy-manager\\server\\src\\repository\\site.repository.ts","statementMap":{"0":{"start":{"line":1,"column":0},"end":{"line":1,"column":55}},"1":{"start":{"line":2,"column":0},"end":{"line":2,"column":41}},"2":{"start":{"line":5,"column":0},"end":{"line":5,"column":null}},"3":{"start":{"line":5,"column":13},"end":{"line":5,"column":null}},"4":{"start":{"line":5,"column":13},"end":{"line":5,"column":27}}},"fnMap":{},"branchMap":{},"s":{"0":8,"1":8,"2":8,"3":8,"4":8},"f":{},"b":{}}
,"C:\\2020\\SPG\\projects\\energy-manager\\server\\src\\repository\\user.repository.ts": {"path":"C:\\2020\\SPG\\projects\\energy-manager\\server\\src\\repository\\user.repository.ts","statementMap":{"0":{"start":{"line":1,"column":0},"end":{"line":1,"column":55}},"1":{"start":{"line":2,"column":0},"end":{"line":2,"column":45}},"2":{"start":{"line":5,"column":0},"end":{"line":5,"column":null}},"3":{"start":{"line":5,"column":13},"end":{"line":5,"column":null}},"4":{"start":{"line":5,"column":13},"end":{"line":5,"column":27}}},"fnMap":{},"branchMap":{},"s":{"0":8,"1":8,"2":8,"3":8,"4":8},"f":{},"b":{}}
,"C:\\2020\\SPG\\projects\\energy-manager\\server\\src\\repository\\weather-data.repository.ts": {"path":"C:\\2020\\SPG\\projects\\energy-manager\\server\\src\\repository\\weather-data.repository.ts","statementMap":{"0":{"start":{"line":1,"column":0},"end":{"line":1,"column":55}},"1":{"start":{"line":2,"column":0},"end":{"line":2,"column":56}},"2":{"start":{"line":5,"column":0},"end":{"line":5,"column":null}},"3":{"start":{"line":5,"column":13},"end":{"line":5,"column":null}},"4":{"start":{"line":5,"column":13},"end":{"line":5,"column":34}}},"fnMap":{},"branchMap":{},"s":{"0":8,"1":8,"2":8,"3":8,"4":8},"f":{},"b":{}}
,"C:\\2020\\SPG\\projects\\energy-manager\\server\\src\\security\\index.ts": {"path":"C:\\2020\\SPG\\projects\\energy-manager\\server\\src\\security\\index.ts","statementMap":{"0":{"start":{"line":1,"column":0},"end":{"line":1,"column":36}},"1":{"start":{"line":2,"column":0},"end":{"line":2,"column":37}},"2":{"start":{"line":3,"column":0},"end":{"line":3,"column":45}},"3":{"start":{"line":4,"column":0},"end":{"line":4,"column":49}},"4":{"start":{"line":5,"column":0},"end":{"line":5,"column":28}}},"fnMap":{},"branchMap":{},"s":{"0":8,"1":8,"2":8,"3":8,"4":8},"f":{},"b":{}}
,"C:\\2020\\SPG\\projects\\energy-manager\\server\\src\\security\\passport.jwt.strategy.ts": {"path":"C:\\2020\\SPG\\projects\\energy-manager\\server\\src\\security\\passport.jwt.strategy.ts","statementMap":{"0":{"start":{"line":1,"column":0},"end":{"line":1,"column":70}},"1":{"start":{"line":2,"column":0},"end":{"line":2,"column":52}},"2":{"start":{"line":3,"column":0},"end":{"line":3,"column":67}},"3":{"start":{"line":5,"column":0},"end":{"line":5,"column":35}},"4":{"start":{"line":6,"column":0},"end":{"line":6,"column":54}},"5":{"start":{"line":9,"column":0},"end":{"line":26,"column":null}},"6":{"start":{"line":11,"column":4},"end":{"line":15,"column":7}},"7":{"start":{"line":10,"column":31},"end":{"line":10,"column":44}},"8":{"start":{"line":19,"column":17},"end":{"line":19,"column":61}},"9":{"start":{"line":20,"column":4},"end":{"line":22,"column":null}},"10":{"start":{"line":21,"column":6},"end":{"line":21,"column":88}},"11":{"start":{"line":24,"column":4},"end":{"line":24,"column":28}},"12":{"start":{"line":9,"column":13},"end":{"line":26,"column":null}},"13":{"start":{"line":9,"column":13},"end":{"line":9,"column":24}}},"fnMap":{"0":{"name":"(anonymous_2)","decl":{"start":{"line":10,"column":2},"end":{"line":10,"column":31}},"loc":{"start":{"line":10,"column":55},"end":{"line":16,"column":3}}},"1":{"name":"(anonymous_3)","decl":{"start":{"line":18,"column":2},"end":{"line":18,"column":7}},"loc":{"start":{"line":18,"column":57},"end":{"line":25,"column":3}}}},"branchMap":{"0":{"loc":{"start":{"line":20,"column":4},"end":{"line":22,"column":null}},"type":"if","locations":[{"start":{"line":20,"column":4},"end":{"line":22,"column":null}},{"start":{"line":20,"column":4},"end":{"line":22,"column":null}}]}},"s":{"0":8,"1":8,"2":8,"3":8,"4":8,"5":8,"6":37,"7":37,"8":0,"9":0,"10":0,"11":0,"12":8,"13":8},"f":{"0":37,"1":0},"b":{"0":[0,0]}}
,"C:\\2020\\SPG\\projects\\energy-manager\\server\\src\\security\\role-type.ts": {"path":"C:\\2020\\SPG\\projects\\energy-manager\\server\\src\\security\\role-type.ts","statementMap":{"0":{"start":{"line":3,"column":0},"end":{"line":3,"column":null}},"1":{"start":{"line":4,"column":2},"end":{"line":4,"column":null}},"2":{"start":{"line":5,"column":2},"end":{"line":5,"column":null}},"3":{"start":{"line":6,"column":2},"end":{"line":6,"column":null}}},"fnMap":{"0":{"name":"(anonymous_0)","decl":{"start":{"line":3,"column":0},"end":{"line":3,"column":12}},"loc":{"start":{"line":3,"column":20},"end":{"line":7,"column":1}}}},"branchMap":{"0":{"loc":{"start":{"line":3,"column":12},"end":{"line":3,"column":20}},"type":"binary-expr","locations":[{"start":{"line":3,"column":12},"end":{"line":3,"column":20}},{"start":{"line":3,"column":12},"end":{"line":3,"column":null}}]}},"s":{"0":8,"1":8,"2":8,"3":8},"f":{"0":8},"b":{"0":[8,8]}}
,"C:\\2020\\SPG\\projects\\energy-manager\\server\\src\\security\\decorators\\auth-user.decorator.ts": {"path":"C:\\2020\\SPG\\projects\\energy-manager\\server\\src\\security\\decorators\\auth-user.decorator.ts","statementMap":{"0":{"start":{"line":1,"column":0},"end":{"line":1,"column":54}},"1":{"start":{"line":3,"column":13},"end":{"line":3,"column":78}},"2":{"start":{"line":3,"column":64},"end":{"line":3,"column":76}}},"fnMap":{"0":{"name":"(anonymous_0)","decl":{"start":{"line":3,"column":45},"end":{"line":3,"column":46}},"loc":{"start":{"line":3,"column":64},"end":{"line":3,"column":76}}}},"branchMap":{},"s":{"0":8,"1":8,"2":0},"f":{"0":0},"b":{}}
,"C:\\2020\\SPG\\projects\\energy-manager\\server\\src\\security\\decorators\\roles.decorator.ts": {"path":"C:\\2020\\SPG\\projects\\energy-manager\\server\\src\\security\\decorators\\roles.decorator.ts","statementMap":{"0":{"start":{"line":1,"column":0},"end":{"line":1,"column":45}},"1":{"start":{"line":4,"column":13},"end":{"line":4,"column":80}},"2":{"start":{"line":4,"column":52},"end":{"line":4,"column":79}}},"fnMap":{"0":{"name":"(anonymous_0)","decl":{"start":{"line":4,"column":21},"end":{"line":4,"column":22}},"loc":{"start":{"line":4,"column":52},"end":{"line":4,"column":79}}}},"branchMap":{},"s":{"0":8,"1":8,"2":280},"f":{"0":280},"b":{}}
,"C:\\2020\\SPG\\projects\\energy-manager\\server\\src\\security\\guards\\auth.guard.ts": {"path":"C:\\2020\\SPG\\projects\\energy-manager\\server\\src\\security\\guards\\auth.guard.ts","statementMap":{"0":{"start":{"line":1,"column":0},"end":{"line":1,"column":70}},"1":{"start":{"line":2,"column":0},"end":{"line":2,"column":62}},"2":{"start":{"line":5,"column":0},"end":{"line":11,"column":null}},"3":{"start":{"line":6,"column":2},"end":{"line":6,"column":35}},"4":{"start":{"line":9,"column":4},"end":{"line":9,"column":38}},"5":{"start":{"line":5,"column":13},"end":{"line":11,"column":null}},"6":{"start":{"line":5,"column":13},"end":{"line":5,"column":22}}},"fnMap":{"0":{"name":"(anonymous_1)","decl":{"start":{"line":4,"column":0},"end":{"line":4,"column":1}},"loc":{"start":{"line":4,"column":0},"end":{"line":11,"column":1}}},"1":{"name":"(anonymous_2)","decl":{"start":{"line":8,"column":2},"end":{"line":8,"column":13}},"loc":{"start":{"line":8,"column":39},"end":{"line":10,"column":3}}}},"branchMap":{},"s":{"0":8,"1":8,"2":8,"3":53,"4":0,"5":8,"6":8},"f":{"0":53,"1":0},"b":{}}
,"C:\\2020\\SPG\\projects\\energy-manager\\server\\src\\security\\guards\\roles.guard.ts": {"path":"C:\\2020\\SPG\\projects\\energy-manager\\server\\src\\security\\guards\\roles.guard.ts","statementMap":{"0":{"start":{"line":1,"column":0},"end":{"line":1,"column":75}},"1":{"start":{"line":2,"column":0},"end":{"line":2,"column":41}},"2":{"start":{"line":6,"column":0},"end":{"line":21,"column":null}},"3":{"start":{"line":7,"column":31},"end":{"line":7,"column":42}},"4":{"start":{"line":10,"column":18},"end":{"line":10,"column":77}},"5":{"start":{"line":12,"column":4},"end":{"line":14,"column":null}},"6":{"start":{"line":13,"column":6},"end":{"line":13,"column":18}},"7":{"start":{"line":16,"column":20},"end":{"line":16,"column":55}},"8":{"start":{"line":17,"column":17},"end":{"line":17,"column":37}},"9":{"start":{"line":19,"column":4},"end":{"line":19,"column":95}},"10":{"start":{"line":19,"column":69},"end":{"line":19,"column":93}},"11":{"start":{"line":6,"column":13},"end":{"line":21,"column":null}},"12":{"start":{"line":6,"column":13},"end":{"line":6,"column":23}}},"fnMap":{"0":{"name":"(anonymous_2)","decl":{"start":{"line":7,"column":2},"end":{"line":7,"column":31}},"loc":{"start":{"line":7,"column":51},"end":{"line":7,"column":55}}},"1":{"name":"(anonymous_3)","decl":{"start":{"line":9,"column":2},"end":{"line":9,"column":13}},"loc":{"start":{"line":9,"column":39},"end":{"line":20,"column":3}}},"2":{"name":"(anonymous_4)","decl":{"start":{"line":19,"column":61},"end":{"line":19,"column":65}},"loc":{"start":{"line":19,"column":69},"end":{"line":19,"column":93}}}},"branchMap":{"0":{"loc":{"start":{"line":12,"column":4},"end":{"line":14,"column":null}},"type":"if","locations":[{"start":{"line":12,"column":4},"end":{"line":14,"column":null}},{"start":{"line":12,"column":4},"end":{"line":14,"column":null}}]},"1":{"loc":{"start":{"line":19,"column":11},"end":{"line":19,"column":15}},"type":"binary-expr","locations":[{"start":{"line":19,"column":11},"end":{"line":19,"column":15}},{"start":{"line":19,"column":19},"end":{"line":19,"column":35}},{"start":{"line":19,"column":39},"end":{"line":19,"column":94}}]}},"s":{"0":8,"1":8,"2":8,"3":53,"4":0,"5":0,"6":0,"7":0,"8":0,"9":0,"10":0,"11":8,"12":8},"f":{"0":53,"1":0,"2":0},"b":{"0":[0,0],"1":[0,0,0]}}
,"C:\\2020\\SPG\\projects\\energy-manager\\server\\src\\service\\auth.service.ts": {"path":"C:\\2020\\SPG\\projects\\energy-manager\\server\\src\\service\\auth.service.ts","statementMap":{"0":{"start":{"line":1,"column":0},"end":{"line":1,"column":79}},"1":{"start":{"line":2,"column":0},"end":{"line":2,"column":51}},"2":{"start":{"line":3,"column":0},"end":{"line":3,"column":41}},"3":{"start":{"line":8,"column":0},"end":{"line":8,"column":73}},"4":{"start":{"line":9,"column":0},"end":{"line":9,"column":54}},"5":{"start":{"line":12,"column":0},"end":{"line":52,"column":null}},"6":{"start":{"line":15,"column":21},"end":{"line":15,"column":33}},"7":{"start":{"line":16,"column":51},"end":{"line":16,"column":72}},"8":{"start":{"line":17,"column":12},"end":{"line":17,"column":25}},"9":{"start":{"line":13,"column":2},"end":{"line":13,"column":37}},"10":{"start":{"line":21,"column":26},"end":{"line":21,"column":44}},"11":{"start":{"line":22,"column":26},"end":{"line":22,"column":44}},"12":{"start":{"line":24,"column":21},"end":{"line":24,"column":121}},"13":{"start":{"line":25,"column":4},"end":{"line":27,"column":null}},"14":{"start":{"line":26,"column":6},"end":{"line":26,"column":89}},"15":{"start":{"line":29,"column":17},"end":{"line":29,"column":61}},"16":{"start":{"line":31,"column":29},"end":{"line":31,"column":97}},"17":{"start":{"line":34,"column":4},"end":{"line":36,"column":6}},"18":{"start":{"line":41,"column":4},"end":{"line":41,"column":55}},"19":{"start":{"line":45,"column":4},"end":{"line":45,"column":49}},"20":{"start":{"line":49,"column":22},"end":{"line":49,"column":84}},"21":{"start":{"line":50,"column":4},"end":{"line":50,"column":16}},"22":{"start":{"line":12,"column":13},"end":{"line":52,"column":null}},"23":{"start":{"line":12,"column":13},"end":{"line":12,"column":24}}},"fnMap":{"0":{"name":"(anonymous_4)","decl":{"start":{"line":14,"column":2},"end":{"line":14,"column":null}},"loc":{"start":{"line":17,"column":36},"end":{"line":18,"column":6}}},"1":{"name":"(anonymous_5)","decl":{"start":{"line":20,"column":2},"end":{"line":20,"column":7}},"loc":{"start":{"line":20,"column":37},"end":{"line":37,"column":3}}},"2":{"name":"(anonymous_6)","decl":{"start":{"line":40,"column":2},"end":{"line":40,"column":7}},"loc":{"start":{"line":40,"column":37},"end":{"line":42,"column":3}}},"3":{"name":"(anonymous_7)","decl":{"start":{"line":44,"column":2},"end":{"line":44,"column":7}},"loc":{"start":{"line":44,"column":12},"end":{"line":46,"column":3}}},"4":{"name":"(anonymous_8)","decl":{"start":{"line":48,"column":2},"end":{"line":48,"column":7}},"loc":{"start":{"line":48,"column":43},"end":{"line":51,"column":3}}}},"branchMap":{"0":{"loc":{"start":{"line":25,"column":4},"end":{"line":27,"column":null}},"type":"if","locations":[{"start":{"line":25,"column":4},"end":{"line":27,"column":null}},{"start":{"line":25,"column":4},"end":{"line":27,"column":null}}]}},"s":{"0":8,"1":8,"2":8,"3":8,"4":8,"5":8,"6":37,"7":37,"8":37,"9":37,"10":1,"11":1,"12":1,"13":1,"14":0,"15":1,"16":1,"17":1,"18":0,"19":0,"20":1,"21":1,"22":8,"23":8},"f":{"0":37,"1":1,"2":0,"3":0,"4":1},"b":{"0":[0,1]}}
,"C:\\2020\\SPG\\projects\\energy-manager\\server\\src\\service\\country.service.ts": {"path":"C:\\2020\\SPG\\projects\\energy-manager\\server\\src\\service\\country.service.ts","statementMap":{"0":{"start":{"line":1,"column":0},"end":{"line":1,"column":52}},"1":{"start":{"line":2,"column":0},"end":{"line":2,"column":51}},"2":{"start":{"line":5,"column":0},"end":{"line":5,"column":69}},"3":{"start":{"line":7,"column":26},"end":{"line":7,"column":28}},"4":{"start":{"line":10,"column":0},"end":{"line":40,"column":null}},"5":{"start":{"line":13,"column":59},"end":{"line":13,"column":78}},"6":{"start":{"line":11,"column":2},"end":{"line":11,"column":40}},"7":{"start":{"line":16,"column":20},"end":{"line":16,"column":52}},"8":{"start":{"line":17,"column":4},"end":{"line":17,"column":61}},"9":{"start":{"line":21,"column":4},"end":{"line":21,"column":57}},"10":{"start":{"line":25,"column":4},"end":{"line":25,"column":42}},"11":{"start":{"line":26,"column":4},"end":{"line":26,"column":62}},"12":{"start":{"line":30,"column":4},"end":{"line":30,"column":54}},"13":{"start":{"line":34,"column":4},"end":{"line":34,"column":36}},"14":{"start":{"line":38,"column":4},"end":{"line":38,"column":56}},"15":{"start":{"line":10,"column":13},"end":{"line":40,"column":null}},"16":{"start":{"line":10,"column":13},"end":{"line":10,"column":27}}},"fnMap":{"0":{"name":"(anonymous_4)","decl":{"start":{"line":13,"column":2},"end":{"line":13,"column":15}},"loc":{"start":{"line":13,"column":95},"end":{"line":13,"column":99}}},"1":{"name":"(anonymous_5)","decl":{"start":{"line":15,"column":2},"end":{"line":15,"column":7}},"loc":{"start":{"line":15,"column":27},"end":{"line":18,"column":3}}},"2":{"name":"(anonymous_6)","decl":{"start":{"line":20,"column":2},"end":{"line":20,"column":7}},"loc":{"start":{"line":20,"column":53},"end":{"line":22,"column":3}}},"3":{"name":"(anonymous_7)","decl":{"start":{"line":24,"column":2},"end":{"line":24,"column":7}},"loc":{"start":{"line":24,"column":54},"end":{"line":27,"column":3}}},"4":{"name":"(anonymous_8)","decl":{"start":{"line":29,"column":2},"end":{"line":29,"column":7}},"loc":{"start":{"line":29,"column":29},"end":{"line":31,"column":3}}},"5":{"name":"(anonymous_9)","decl":{"start":{"line":33,"column":2},"end":{"line":33,"column":7}},"loc":{"start":{"line":33,"column":31},"end":{"line":35,"column":3}}},"6":{"name":"(anonymous_10)","decl":{"start":{"line":37,"column":2},"end":{"line":37,"column":7}},"loc":{"start":{"line":37,"column":31},"end":{"line":39,"column":3}}}},"branchMap":{},"s":{"0":8,"1":8,"2":8,"3":8,"4":8,"5":32,"6":32,"7":0,"8":0,"9":0,"10":0,"11":0,"12":0,"13":0,"14":0,"15":8,"16":8},"f":{"0":32,"1":0,"2":0,"3":0,"4":0,"5":0,"6":0},"b":{}}
,"C:\\2020\\SPG\\projects\\energy-manager\\server\\src\\service\\energy-billing-data.service.ts": {"path":"C:\\2020\\SPG\\projects\\energy-manager\\server\\src\\service\\energy-billing-data.service.ts","statementMap":{"0":{"start":{"line":1,"column":0},"end":{"line":1,"column":52}},"1":{"start":{"line":2,"column":0},"end":{"line":2,"column":51}},"2":{"start":{"line":5,"column":0},"end":{"line":5,"column":91}},"3":{"start":{"line":7,"column":26},"end":{"line":7,"column":28}},"4":{"start":{"line":8,"column":0},"end":{"line":8,"column":36}},"5":{"start":{"line":9,"column":0},"end":{"line":9,"column":31}},"6":{"start":{"line":12,"column":0},"end":{"line":42,"column":null}},"7":{"start":{"line":15,"column":69},"end":{"line":15,"column":98}},"8":{"start":{"line":13,"column":2},"end":{"line":13,"column":50}},"9":{"start":{"line":18,"column":20},"end":{"line":18,"column":52}},"10":{"start":{"line":19,"column":4},"end":{"line":19,"column":71}},"11":{"start":{"line":23,"column":4},"end":{"line":23,"column":67}},"12":{"start":{"line":27,"column":4},"end":{"line":27,"column":42}},"13":{"start":{"line":28,"column":4},"end":{"line":28,"column":72}},"14":{"start":{"line":32,"column":4},"end":{"line":32,"column":74}},"15":{"start":{"line":36,"column":4},"end":{"line":36,"column":46}},"16":{"start":{"line":40,"column":4},"end":{"line":40,"column":76}},"17":{"start":{"line":12,"column":13},"end":{"line":42,"column":null}},"18":{"start":{"line":12,"column":13},"end":{"line":12,"column":37}}},"fnMap":{"0":{"name":"(anonymous_4)","decl":{"start":{"line":15,"column":2},"end":{"line":15,"column":15}},"loc":{"start":{"line":15,"column":125},"end":{"line":15,"column":129}}},"1":{"name":"(anonymous_5)","decl":{"start":{"line":17,"column":2},"end":{"line":17,"column":7}},"loc":{"start":{"line":17,"column":27},"end":{"line":20,"column":3}}},"2":{"name":"(anonymous_6)","decl":{"start":{"line":22,"column":2},"end":{"line":22,"column":7}},"loc":{"start":{"line":22,"column":63},"end":{"line":24,"column":3}}},"3":{"name":"(anonymous_7)","decl":{"start":{"line":26,"column":2},"end":{"line":26,"column":7}},"loc":{"start":{"line":26,"column":64},"end":{"line":29,"column":3}}},"4":{"name":"(anonymous_8)","decl":{"start":{"line":31,"column":2},"end":{"line":31,"column":7}},"loc":{"start":{"line":31,"column":49},"end":{"line":33,"column":3}}},"5":{"name":"(anonymous_9)","decl":{"start":{"line":35,"column":2},"end":{"line":35,"column":7}},"loc":{"start":{"line":35,"column":51},"end":{"line":37,"column":3}}},"6":{"name":"(anonymous_10)","decl":{"start":{"line":39,"column":2},"end":{"line":39,"column":7}},"loc":{"start":{"line":39,"column":51},"end":{"line":41,"column":3}}}},"branchMap":{},"s":{"0":8,"1":8,"2":8,"3":8,"4":8,"5":8,"6":8,"7":32,"8":32,"9":0,"10":0,"11":0,"12":0,"13":0,"14":0,"15":0,"16":0,"17":8,"18":8},"f":{"0":32,"1":0,"2":0,"3":0,"4":0,"5":0,"6":0},"b":{}}
,"C:\\2020\\SPG\\projects\\energy-manager\\server\\src\\service\\energy-type.service.ts": {"path":"C:\\2020\\SPG\\projects\\energy-manager\\server\\src\\service\\energy-type.service.ts","statementMap":{"0":{"start":{"line":1,"column":0},"end":{"line":1,"column":52}},"1":{"start":{"line":2,"column":0},"end":{"line":2,"column":51}},"2":{"start":{"line":5,"column":0},"end":{"line":5,"column":76}},"3":{"start":{"line":7,"column":26},"end":{"line":7,"column":28}},"4":{"start":{"line":10,"column":0},"end":{"line":40,"column":null}},"5":{"start":{"line":13,"column":62},"end":{"line":13,"column":84}},"6":{"start":{"line":11,"column":2},"end":{"line":11,"column":43}},"7":{"start":{"line":16,"column":20},"end":{"line":16,"column":52}},"8":{"start":{"line":17,"column":4},"end":{"line":17,"column":64}},"9":{"start":{"line":21,"column":4},"end":{"line":21,"column":60}},"10":{"start":{"line":25,"column":4},"end":{"line":25,"column":42}},"11":{"start":{"line":26,"column":4},"end":{"line":26,"column":65}},"12":{"start":{"line":30,"column":4},"end":{"line":30,"column":60}},"13":{"start":{"line":34,"column":4},"end":{"line":34,"column":39}},"14":{"start":{"line":38,"column":4},"end":{"line":38,"column":62}},"15":{"start":{"line":10,"column":13},"end":{"line":40,"column":null}},"16":{"start":{"line":10,"column":13},"end":{"line":10,"column":30}}},"fnMap":{"0":{"name":"(anonymous_4)","decl":{"start":{"line":13,"column":2},"end":{"line":13,"column":15}},"loc":{"start":{"line":13,"column":104},"end":{"line":13,"column":108}}},"1":{"name":"(anonymous_5)","decl":{"start":{"line":15,"column":2},"end":{"line":15,"column":7}},"loc":{"start":{"line":15,"column":27},"end":{"line":18,"column":3}}},"2":{"name":"(anonymous_6)","decl":{"start":{"line":20,"column":2},"end":{"line":20,"column":7}},"loc":{"start":{"line":20,"column":56},"end":{"line":22,"column":3}}},"3":{"name":"(anonymous_7)","decl":{"start":{"line":24,"column":2},"end":{"line":24,"column":7}},"loc":{"start":{"line":24,"column":57},"end":{"line":27,"column":3}}},"4":{"name":"(anonymous_8)","decl":{"start":{"line":29,"column":2},"end":{"line":29,"column":7}},"loc":{"start":{"line":29,"column":35},"end":{"line":31,"column":3}}},"5":{"name":"(anonymous_9)","decl":{"start":{"line":33,"column":2},"end":{"line":33,"column":7}},"loc":{"start":{"line":33,"column":37},"end":{"line":35,"column":3}}},"6":{"name":"(anonymous_10)","decl":{"start":{"line":37,"column":2},"end":{"line":37,"column":7}},"loc":{"start":{"line":37,"column":37},"end":{"line":39,"column":3}}}},"branchMap":{},"s":{"0":8,"1":8,"2":8,"3":8,"4":8,"5":32,"6":32,"7":0,"8":0,"9":0,"10":0,"11":0,"12":0,"13":0,"14":0,"15":8,"16":8},"f":{"0":32,"1":0,"2":0,"3":0,"4":0,"5":0,"6":0},"b":{}}
,"C:\\2020\\SPG\\projects\\energy-manager\\server\\src\\service\\region.service.ts": {"path":"C:\\2020\\SPG\\projects\\energy-manager\\server\\src\\service\\region.service.ts","statementMap":{"0":{"start":{"line":1,"column":0},"end":{"line":1,"column":52}},"1":{"start":{"line":2,"column":0},"end":{"line":2,"column":51}},"2":{"start":{"line":5,"column":0},"end":{"line":5,"column":67}},"3":{"start":{"line":7,"column":26},"end":{"line":7,"column":28}},"4":{"start":{"line":10,"column":0},"end":{"line":40,"column":null}},"5":{"start":{"line":13,"column":58},"end":{"line":13,"column":76}},"6":{"start":{"line":11,"column":2},"end":{"line":11,"column":39}},"7":{"start":{"line":16,"column":20},"end":{"line":16,"column":52}},"8":{"start":{"line":17,"column":4},"end":{"line":17,"column":60}},"9":{"start":{"line":21,"column":4},"end":{"line":21,"column":56}},"10":{"start":{"line":25,"column":4},"end":{"line":25,"column":42}},"11":{"start":{"line":26,"column":4},"end":{"line":26,"column":61}},"12":{"start":{"line":30,"column":4},"end":{"line":30,"column":52}},"13":{"start":{"line":34,"column":4},"end":{"line":34,"column":35}},"14":{"start":{"line":38,"column":4},"end":{"line":38,"column":54}},"15":{"start":{"line":10,"column":13},"end":{"line":40,"column":null}},"16":{"start":{"line":10,"column":13},"end":{"line":10,"column":26}}},"fnMap":{"0":{"name":"(anonymous_4)","decl":{"start":{"line":13,"column":2},"end":{"line":13,"column":15}},"loc":{"start":{"line":13,"column":92},"end":{"line":13,"column":96}}},"1":{"name":"(anonymous_5)","decl":{"start":{"line":15,"column":2},"end":{"line":15,"column":7}},"loc":{"start":{"line":15,"column":27},"end":{"line":18,"column":3}}},"2":{"name":"(anonymous_6)","decl":{"start":{"line":20,"column":2},"end":{"line":20,"column":7}},"loc":{"start":{"line":20,"column":52},"end":{"line":22,"column":3}}},"3":{"name":"(anonymous_7)","decl":{"start":{"line":24,"column":2},"end":{"line":24,"column":7}},"loc":{"start":{"line":24,"column":53},"end":{"line":27,"column":3}}},"4":{"name":"(anonymous_8)","decl":{"start":{"line":29,"column":2},"end":{"line":29,"column":7}},"loc":{"start":{"line":29,"column":27},"end":{"line":31,"column":3}}},"5":{"name":"(anonymous_9)","decl":{"start":{"line":33,"column":2},"end":{"line":33,"column":7}},"loc":{"start":{"line":33,"column":29},"end":{"line":35,"column":3}}},"6":{"name":"(anonymous_10)","decl":{"start":{"line":37,"column":2},"end":{"line":37,"column":7}},"loc":{"start":{"line":37,"column":29},"end":{"line":39,"column":3}}}},"branchMap":{},"s":{"0":8,"1":8,"2":8,"3":8,"4":8,"5":32,"6":32,"7":0,"8":0,"9":0,"10":0,"11":0,"12":0,"13":0,"14":0,"15":8,"16":8},"f":{"0":32,"1":0,"2":0,"3":0,"4":0,"5":0,"6":0},"b":{}}
,"C:\\2020\\SPG\\projects\\energy-manager\\server\\src\\service\\site.service.ts": {"path":"C:\\2020\\SPG\\projects\\energy-manager\\server\\src\\service\\site.service.ts","statementMap":{"0":{"start":{"line":1,"column":0},"end":{"line":1,"column":52}},"1":{"start":{"line":2,"column":0},"end":{"line":2,"column":51}},"2":{"start":{"line":5,"column":0},"end":{"line":5,"column":63}},"3":{"start":{"line":7,"column":26},"end":{"line":7,"column":28}},"4":{"start":{"line":10,"column":0},"end":{"line":40,"column":null}},"5":{"start":{"line":13,"column":56},"end":{"line":13,"column":72}},"6":{"start":{"line":11,"column":2},"end":{"line":11,"column":37}},"7":{"start":{"line":16,"column":20},"end":{"line":16,"column":52}},"8":{"start":{"line":17,"column":4},"end":{"line":17,"column":58}},"9":{"start":{"line":21,"column":4},"end":{"line":21,"column":54}},"10":{"start":{"line":25,"column":4},"end":{"line":25,"column":42}},"11":{"start":{"line":26,"column":4},"end":{"line":26,"column":59}},"12":{"start":{"line":30,"column":4},"end":{"line":30,"column":48}},"13":{"start":{"line":34,"column":4},"end":{"line":34,"column":33}},"14":{"start":{"line":38,"column":4},"end":{"line":38,"column":50}},"15":{"start":{"line":10,"column":13},"end":{"line":40,"column":null}},"16":{"start":{"line":10,"column":13},"end":{"line":10,"column":24}}},"fnMap":{"0":{"name":"(anonymous_4)","decl":{"start":{"line":13,"column":2},"end":{"line":13,"column":15}},"loc":{"start":{"line":13,"column":86},"end":{"line":13,"column":90}}},"1":{"name":"(anonymous_5)","decl":{"start":{"line":15,"column":2},"end":{"line":15,"column":7}},"loc":{"start":{"line":15,"column":27},"end":{"line":18,"column":3}}},"2":{"name":"(anonymous_6)","decl":{"start":{"line":20,"column":2},"end":{"line":20,"column":7}},"loc":{"start":{"line":20,"column":50},"end":{"line":22,"column":3}}},"3":{"name":"(anonymous_7)","decl":{"start":{"line":24,"column":2},"end":{"line":24,"column":7}},"loc":{"start":{"line":24,"column":51},"end":{"line":27,"column":3}}},"4":{"name":"(anonymous_8)","decl":{"start":{"line":29,"column":2},"end":{"line":29,"column":7}},"loc":{"start":{"line":29,"column":23},"end":{"line":31,"column":3}}},"5":{"name":"(anonymous_9)","decl":{"start":{"line":33,"column":2},"end":{"line":33,"column":7}},"loc":{"start":{"line":33,"column":25},"end":{"line":35,"column":3}}},"6":{"name":"(anonymous_10)","decl":{"start":{"line":37,"column":2},"end":{"line":37,"column":7}},"loc":{"start":{"line":37,"column":25},"end":{"line":39,"column":3}}}},"branchMap":{},"s":{"0":8,"1":8,"2":8,"3":8,"4":8,"5":32,"6":32,"7":0,"8":0,"9":0,"10":0,"11":0,"12":0,"13":0,"14":0,"15":8,"16":8},"f":{"0":32,"1":0,"2":0,"3":0,"4":0,"5":0,"6":0},"b":{}}
,"C:\\2020\\SPG\\projects\\energy-manager\\server\\src\\service\\user.service.ts": {"path":"C:\\2020\\SPG\\projects\\energy-manager\\server\\src\\service\\user.service.ts","statementMap":{"0":{"start":{"line":1,"column":0},"end":{"line":1,"column":44}},"1":{"start":{"line":2,"column":0},"end":{"line":2,"column":51}},"2":{"start":{"line":4,"column":0},"end":{"line":4,"column":63}},"3":{"start":{"line":8,"column":0},"end":{"line":69,"column":null}},"4":{"start":{"line":9,"column":56},"end":{"line":9,"column":72}},"5":{"start":{"line":12,"column":19},"end":{"line":12,"column":56}},"6":{"start":{"line":13,"column":4},"end":{"line":13,"column":40}},"7":{"start":{"line":17,"column":4},"end":{"line":17,"column":40}},"8":{"start":{"line":18,"column":19},"end":{"line":18,"column":61}},"9":{"start":{"line":19,"column":4},"end":{"line":19,"column":40}},"10":{"start":{"line":23,"column":19},"end":{"line":23,"column":61}},"11":{"start":{"line":24,"column":4},"end":{"line":24,"column":40}},"12":{"start":{"line":28,"column":4},"end":{"line":28,"column":40}},"13":{"start":{"line":29,"column":23},"end":{"line":29,"column":70}},"14":{"start":{"line":30,"column":26},"end":{"line":30,"column":28}},"15":{"start":{"line":31,"column":4},"end":{"line":34,"column":null}},"16":{"start":{"line":32,"column":6},"end":{"line":32,"column":76}},"17":{"start":{"line":32,"column":36},"end":{"line":32,"column":74}},"18":{"start":{"line":33,"column":6},"end":{"line":33,"column":28}},"19":{"start":{"line":35,"column":4},"end":{"line":35,"column":22}},"20":{"start":{"line":39,"column":4},"end":{"line":39,"column":43}},"21":{"start":{"line":40,"column":19},"end":{"line":40,"column":55}},"22":{"start":{"line":41,"column":4},"end":{"line":41,"column":40}},"23":{"start":{"line":45,"column":4},"end":{"line":45,"column":33}},"24":{"start":{"line":49,"column":4},"end":{"line":49,"column":50}},"25":{"start":{"line":53,"column":4},"end":{"line":57,"column":null}},"26":{"start":{"line":54,"column":36},"end":{"line":54,"column":38}},"27":{"start":{"line":55,"column":6},"end":{"line":55,"column":78}},"28":{"start":{"line":55,"column":44},"end":{"line":55,"column":76}},"29":{"start":{"line":56,"column":6},"end":{"line":56,"column":37}},"30":{"start":{"line":58,"column":4},"end":{"line":58,"column":16}},"31":{"start":{"line":62,"column":4},"end":{"line":66,"column":null}},"32":{"start":{"line":63,"column":33},"end":{"line":63,"column":35}},"33":{"start":{"line":64,"column":6},"end":{"line":64,"column":83}},"34":{"start":{"line":64,"column":44},"end":{"line":64,"column":81}},"35":{"start":{"line":65,"column":6},"end":{"line":65,"column":37}},"36":{"start":{"line":67,"column":4},"end":{"line":67,"column":16}},"37":{"start":{"line":8,"column":13},"end":{"line":69,"column":null}},"38":{"start":{"line":8,"column":13},"end":{"line":8,"column":24}}},"fnMap":{"0":{"name":"(anonymous_4)","decl":{"start":{"line":9,"column":2},"end":{"line":9,"column":15}},"loc":{"start":{"line":9,"column":86},"end":{"line":9,"column":90}}},"1":{"name":"(anonymous_5)","decl":{"start":{"line":11,"column":2},"end":{"line":11,"column":7}},"loc":{"start":{"line":11,"column":27},"end":{"line":14,"column":3}}},"2":{"name":"(anonymous_6)","decl":{"start":{"line":16,"column":2},"end":{"line":16,"column":7}},"loc":{"start":{"line":16,"column":50},"end":{"line":20,"column":3}}},"3":{"name":"(anonymous_7)","decl":{"start":{"line":22,"column":2},"end":{"line":22,"column":7}},"loc":{"start":{"line":22,"column":43},"end":{"line":25,"column":3}}},"4":{"name":"(anonymous_8)","decl":{"start":{"line":27,"column":2},"end":{"line":27,"column":7}},"loc":{"start":{"line":27,"column":51},"end":{"line":36,"column":3}}},"5":{"name":"(anonymous_9)","decl":{"start":{"line":32,"column":28},"end":{"line":32,"column":32}},"loc":{"start":{"line":32,"column":36},"end":{"line":32,"column":74}}},"6":{"name":"(anonymous_10)","decl":{"start":{"line":38,"column":2},"end":{"line":38,"column":7}},"loc":{"start":{"line":38,"column":23},"end":{"line":42,"column":3}}},"7":{"name":"(anonymous_11)","decl":{"start":{"line":44,"column":2},"end":{"line":44,"column":7}},"loc":{"start":{"line":44,"column":25},"end":{"line":46,"column":3}}},"8":{"name":"(anonymous_12)","decl":{"start":{"line":48,"column":2},"end":{"line":48,"column":7}},"loc":{"start":{"line":48,"column":25},"end":{"line":50,"column":3}}},"9":{"name":"(anonymous_13)","decl":{"start":{"line":52,"column":10},"end":{"line":52,"column":25}},"loc":{"start":{"line":52,"column":35},"end":{"line":59,"column":3}}},"10":{"name":"(anonymous_14)","decl":{"start":{"line":55,"column":31},"e
[...]
"line":17,"column":46}},"11":{"start":{"line":29,"column":37},"end":{"line":29,"column":100}},"12":{"start":{"line":30,"column":29},"end":{"line":34,"column":6}},"13":{"start":{"line":35,"column":4},"end":{"line":35,"column":84}},"14":{"start":{"line":36,"column":4},"end":{"line":36,"column":19}},"15":{"start":{"line":47,"column":4},"end":{"line":47,"column":53}},"16":{"start":{"line":60,"column":20},"end":{"line":60,"column":65}},"17":{"start":{"line":61,"column":4},"end":{"line":61,"column":74}},"18":{"start":{"line":62,"column":4},"end":{"line":62,"column":19}},"19":{"start":{"line":74,"column":4},"end":{"line":74,"column":77}},"20":{"start":{"line":75,"column":4},"end":{"line":75,"column":59}},"21":{"start":{"line":86,"column":4},"end":{"line":86,"column":66}},"22":{"start":{"line":87,"column":21},"end":{"line":87,"column":62}},"23":{"start":{"line":88,"column":4},"end":{"line":88,"column":57}},"24":{"start":{"line":28,"column":2},"end":{"line":37,"column":null}},"25":{"start":{"line":46,"column":2},"end":{"line":48,"column":null}},"26":{"start":{"line":59,"column":2},"end":{"line":63,"column":null}},"27":{"start":{"line":73,"column":2},"end":{"line":76,"column":null}},"28":{"start":{"line":85,"column":2},"end":{"line":89,"column":null}},"29":{"start":{"line":16,"column":13},"end":{"line":90,"column":null}},"30":{"start":{"line":16,"column":13},"end":{"line":16,"column":33}}},"fnMap":{"0":{"name":"(anonymous_5)","decl":{"start":{"line":19,"column":2},"end":{"line":19,"column":31}},"loc":{"start":{"line":19,"column":67},"end":{"line":19,"column":71}}},"1":{"name":"(anonymous_6)","decl":{"start":{"line":28,"column":2},"end":{"line":28,"column":7}},"loc":{"start":{"line":28,"column":34},"end":{"line":37,"column":3}}},"2":{"name":"(anonymous_7)","decl":{"start":{"line":46,"column":2},"end":{"line":46,"column":7}},"loc":{"start":{"line":46,"column":38},"end":{"line":48,"column":3}}},"3":{"name":"(anonymous_8)","decl":{"start":{"line":59,"column":2},"end":{"line":59,"column":7}},"loc":{"start":{"line":59,"column":64},"end":{"line":63,"column":3}}},"4":{"name":"(anonymous_9)","decl":{"start":{"line":73,"column":2},"end":{"line":73,"column":7}},"loc":{"start":{"line":73,"column":63},"end":{"line":76,"column":3}}},"5":{"name":"(anonymous_10)","decl":{"start":{"line":85,"column":2},"end":{"line":85,"column":7}},"loc":{"start":{"line":85,"column":59},"end":{"line":89,"column":3}}}},"branchMap":{},"s":{"0":8,"1":8,"2":8,"3":8,"4":8,"5":8,"6":8,"7":8,"8":8,"9":37,"10":37,"11":1,"12":1,"13":1,"14":1,"15":1,"16":1,"17":1,"18":1,"19":1,"20":1,"21":1,"22":1,"23":1,"24":8,"25":8,"26":8,"27":8,"28":8,"29":8,"30":8},"f":{"0":37,"1":1,"2":1,"3":1,"4":1,"5":1},"b":{}}
,"C:\\2020\\SPG\\projects\\energy-manager\\server\\src\\web\\rest\\management.controller.ts": {"path":"C:\\2020\\SPG\\projects\\energy-manager\\server\\src\\web\\rest\\management.controller.ts","statementMap":{"0":{"start":{"line":1,"column":0},"end":{"line":1,"column":74}},"1":{"start":{"line":2,"column":0},"end":{"line":2,"column":83}},"2":{"start":{"line":3,"column":0},"end":{"line":3,"column":92}},"3":{"start":{"line":8,"column":0},"end":{"line":24,"column":null}},"4":{"start":{"line":9,"column":2},"end":{"line":9,"column":46}},"5":{"start":{"line":19,"column":4},"end":{"line":22,"column":6}},"6":{"start":{"line":18,"column":2},"end":{"line":23,"column":null}},"7":{"start":{"line":8,"column":13},"end":{"line":24,"column":null}},"8":{"start":{"line":8,"column":13},"end":{"line":8,"column":33}}},"fnMap":{"0":{"name":"(anonymous_2)","decl":{"start":{"line":5,"column":0},"end":{"line":5,"column":1}},"loc":{"start":{"line":5,"column":0},"end":{"line":24,"column":1}}},"1":{"name":"(anonymous_3)","decl":{"start":{"line":18,"column":2},"end":{"line":18,"column":6}},"loc":{"start":{"line":18,"column":6},"end":{"line":23,"column":3}}}},"branchMap":{},"s":{"0":8,"1":8,"2":8,"3":8,"4":37,"5":1,"6":8,"7":8,"8":8},"f":{"0":37,"1":1},"b":{}}
,"C:\\2020\\SPG\\projects\\energy-manager\\server\\src\\web\\rest\\region.controller.ts": {"path":"C:\\2020\\SPG\\projects\\energy-manager\\server\\src\\web\\rest\\region.controller.ts","statementMap":{"0":{"start":{"line":1,"column":0},"end":{"line":1,"column":136}},"1":{"start":{"line":2,"column":0},"end":{"line":2,"column":87}},"2":{"start":{"line":4,"column":0},"end":{"line":4,"column":48}},"3":{"start":{"line":5,"column":0},"end":{"line":5,"column":61}},"4":{"start":{"line":6,"column":0},"end":{"line":6,"column":72}},"5":{"start":{"line":7,"column":0},"end":{"line":7,"column":72}},"6":{"start":{"line":8,"column":0},"end":{"line":8,"column":54}},"7":{"start":{"line":9,"column":0},"end":{"line":9,"column":83}},"8":{"start":{"line":16,"column":0},"end":{"line":90,"column":null}},"9":{"start":{"line":19,"column":31},"end":{"line":19,"column":46}},"10":{"start":{"line":17,"column":2},"end":{"line":17,"column":42}},"11":{"start":{"line":29,"column":37},"end":{"line":29,"column":100}},"12":{"start":{"line":30,"column":29},"end":{"line":34,"column":6}},"13":{"start":{"line":35,"column":4},"end":{"line":35,"column":84}},"14":{"start":{"line":36,"column":4},"end":{"line":36,"column":19}},"15":{"start":{"line":47,"column":4},"end":{"line":47,"column":49}},"16":{"start":{"line":60,"column":20},"end":{"line":60,"column":57}},"17":{"start":{"line":61,"column":4},"end":{"line":61,"column":70}},"18":{"start":{"line":62,"column":4},"end":{"line":62,"column":19}},"19":{"start":{"line":74,"column":4},"end":{"line":74,"column":69}},"20":{"start":{"line":75,"column":4},"end":{"line":75,"column":51}},"21":{"start":{"line":86,"column":4},"end":{"line":86,"column":62}},"22":{"start":{"line":87,"column":21},"end":{"line":87,"column":58}},"23":{"start":{"line":88,"column":4},"end":{"line":88,"column":53}},"24":{"start":{"line":28,"column":2},"end":{"line":37,"column":null}},"25":{"start":{"line":46,"column":2},"end":{"line":48,"column":null}},"26":{"start":{"line":59,"column":2},"end":{"line":63,"column":null}},"27":{"start":{"line":73,"column":2},"end":{"line":76,"column":null}},"28":{"start":{"line":85,"column":2},"end":{"line":89,"column":null}},"29":{"start":{"line":16,"column":13},"end":{"line":90,"column":null}},"30":{"start":{"line":16,"column":13},"end":{"line":16,"column":29}}},"fnMap":{"0":{"name":"(anonymous_5)","decl":{"start":{"line":19,"column":2},"end":{"line":19,"column":31}},"loc":{"start":{"line":19,"column":59},"end":{"line":19,"column":63}}},"1":{"name":"(anonymous_6)","decl":{"start":{"line":28,"column":2},"end":{"line":28,"column":7}},"loc":{"start":{"line":28,"column":34},"end":{"line":37,"column":3}}},"2":{"name":"(anonymous_7)","decl":{"start":{"line":46,"column":2},"end":{"line":46,"column":7}},"loc":{"start":{"line":46,"column":38},"end":{"line":48,"column":3}}},"3":{"name":"(anonymous_8)","decl":{"start":{"line":59,"column":2},"end":{"line":59,"column":7}},"loc":{"start":{"line":59,"column":56},"end":{"line":63,"column":3}}},"4":{"name":"(anonymous_9)","decl":{"start":{"line":73,"column":2},"end":{"line":73,"column":7}},"loc":{"start":{"line":73,"column":55},"end":{"line":76,"column":3}}},"5":{"name":"(anonymous_10)","decl":{"start":{"line":85,"column":2},"end":{"line":85,"column":7}},"loc":{"start":{"line":85,"column":59},"end":{"line":89,"column":3}}}},"branchMap":{},"s":{"0":8,"1":8,"2":8,"3":8,"4":8,"5":8,"6":8,"7":8,"8":8,"9":37,"10":37,"11":1,"12":1,"13":1,"14":1,"15":1,"16":1,"17":1,"18":1,"19":1,"20":1,"21":1,"22":1,"23":1,"24":8,"25":8,"26":8,"27":8,"28":8,"29":8,"30":8},"f":{"0":37,"1":1,"2":1,"3":1,"4":1,"5":1},"b":{}}
,"C:\\2020\\SPG\\projects\\energy-manager\\server\\src\\web\\rest\\site.controller.ts": {"path":"C:\\2020\\SPG\\projects\\energy-manager\\server\\src\\web\\rest\\site.controller.ts","statementMap":{"0":{"start":{"line":1,"column":0},"end":{"line":1,"column":136}},"1":{"start":{"line":2,"column":0},"end":{"line":2,"column":87}},"2":{"start":{"line":4,"column":0},"end":{"line":4,"column":44}},"3":{"start":{"line":5,"column":0},"end":{"line":5,"column":57}},"4":{"start":{"line":6,"column":0},"end":{"line":6,"column":72}},"5":{"start":{"line":7,"column":0},"end":{"line":7,"column":72}},"6":{"start":{"line":8,"column":0},"end":{"line":8,"column":54}},"7":{"start":{"line":9,"column":0},"end":{"line":9,"column":83}},"8":{"start":{"line":16,"column":0},"end":{"line":90,"column":null}},"9":{"start":{"line":19,"column":31},"end":{"line":19,"column":44}},"10":{"start":{"line":17,"column":2},"end":{"line":17,"column":40}},"11":{"start":{"line":29,"column":37},"end":{"line":29,"column":100}},"12":{"start":{"line":30,"column":29},"end":{"line":34,"column":6}},"13":{"start":{"line":35,"column":4},"end":{"line":35,"column":84}},"14":{"start":{"line":36,"column":4},"end":{"line":36,"column":19}},"15":{"start":{"line":47,"column":4},"end":{"line":47,"column":47}},"16":{"start":{"line":60,"column":20},"end":{"line":60,"column":53}},"17":{"start":{"line":61,"column":4},"end":{"line":61,"column":68}},"18":{"start":{"line":62,"column":4},"end":{"line":62,"column":19}},"19":{"start":{"line":74,"column":4},"end":{"line":74,"column":65}},"20":{"start":{"line":75,"column":4},"end":{"line":75,"column":47}},"21":{"start":{"line":86,"column":4},"end":{"line":86,"column":60}},"22":{"start":{"line":87,"column":21},"end":{"line":87,"column":56}},"23":{"start":{"line":88,"column":4},"end":{"line":88,"column":51}},"24":{"start":{"line":28,"column":2},"end":{"line":37,"column":null}},"25":{"start":{"line":46,"column":2},"end":{"line":48,"column":null}},"26":{"start":{"line":59,"column":2},"end":{"line":63,"column":null}},"27":{"start":{"line":73,"column":2},"end":{"line":76,"column":null}},"28":{"start":{"line":85,"column":2},"end":{"line":89,"column":null}},"29":{"start":{"line":16,"column":13},"end":{"line":90,"column":null}},"30":{"start":{"line":16,"column":13},"end":{"line":16,"column":27}}},"fnMap":{"0":{"name":"(anonymous_5)","decl":{"start":{"line":19,"column":2},"end":{"line":19,"column":31}},"loc":{"start":{"line":19,"column":55},"end":{"line":19,"column":59}}},"1":{"name":"(anonymous_6)","decl":{"start":{"line":28,"column":2},"end":{"line":28,"column":7}},"loc":{"start":{"line":28,"column":34},"end":{"line":37,"column":3}}},"2":{"name":"(anonymous_7)","decl":{"start":{"line":46,"column":2},"end":{"line":46,"column":7}},"loc":{"start":{"line":46,"column":38},"end":{"line":48,"column":3}}},"3":{"name":"(anonymous_8)","decl":{"start":{"line":59,"column":2},"end":{"line":59,"column":7}},"loc":{"start":{"line":59,"column":52},"end":{"line":63,"column":3}}},"4":{"name":"(anonymous_9)","decl":{"start":{"line":73,"column":2},"end":{"line":73,"column":7}},"loc":{"start":{"line":73,"column":51},"end":{"line":76,"column":3}}},"5":{"name":"(anonymous_10)","decl":{"start":{"line":85,"column":2},"end":{"line":85,"column":7}},"loc":{"start":{"line":85,"column":59},"end":{"line":89,"column":3}}}},"branchMap":{},"s":{"0":8,"1":8,"2":8,"3":8,"4":8,"5":8,"6":8,"7":8,"8":8,"9":37,"10":37,"11":1,"12":1,"13":1,"14":1,"15":1,"16":1,"17":1,"18":1,"19":1,"20":1,"21":1,"22":1,"23":1,"24":8,"25":8,"26":8,"27":8,"28":8,"29":8,"30":8},"f":{"0":37,"1":1,"2":1,"3":1,"4":1,"5":1},"b":{}}
,"C:\\2020\\SPG\\projects\\energy-manager\\server\\src\\web\\rest\\user.controller.ts": {"path":"C:\\2020\\SPG\\projects\\energy-manager\\server\\src\\web\\rest\\user.controller.ts","statementMap":{"0":{"start":{"line":1,"column":0},"end":{"line":1,"column":122}},"1":{"start":{"line":3,"column":0},"end":{"line":3,"column":72}},"2":{"start":{"line":4,"column":0},"end":{"line":4,"column":72}},"3":{"start":{"line":5,"column":0},"end":{"line":5,"column":48}},"4":{"start":{"line":6,"column":0},"end":{"line":6,"column":54}},"5":{"start":{"line":7,"column":0},"end":{"line":7,"column":83}},"6":{"start":{"line":8,"column":0},"end":{"line":8,"column":87}},"7":{"start":{"line":9,"column":0},"end":{"line":9,"column":57}},"8":{"start":{"line":16,"column":0},"end":{"line":89,"column":null}},"9":{"start":{"line":19,"column":31},"end":{"line":19,"column":44}},"10":{"start":{"line":17,"column":2},"end":{"line":17,"column":40}},"11":{"start":{"line":29,"column":37},"end":{"line":29,"column":100}},"12":{"start":{"line":30,"column":29},"end":{"line":34,"column":6}},"13":{"start":{"line":35,"column":4},"end":{"line":35,"column":84}},"14":{"start":{"line":36,"column":4},"end":{"line":36,"column":19}},"15":{"start":{"line":49,"column":20},"end":{"line":49,"column":53}},"16":{"start":{"line":50,"column":4},"end":{"line":50,"column":68}},"17":{"start":{"line":51,"column":4},"end":{"line":51,"column":19}},"18":{"start":{"line":63,"column":4},"end":{"line":63,"column":65}},"19":{"start":{"line":64,"column":4},"end":{"line":64,"column":47}},"20":{"start":{"line":74,"column":4},"end":{"line":74,"column":73}},"21":{"start":{"line":85,"column":4},"end":{"line":85,"column":68}},"22":{"start":{"line":86,"column":25},"end":{"line":86,"column":86}},"23":{"start":{"line":87,"column":4},"end":{"line":87,"column":55}},"24":{"start":{"line":28,"column":2},"end":{"line":37,"column":null}},"25":{"start":{"line":48,"column":2},"end":{"line":52,"column":null}},"26":{"start":{"line":62,"column":2},"end":{"line":65,"column":null}},"27":{"start":{"line":73,"column":2},"end":{"line":75,"column":null}},"28":{"start":{"line":84,"column":2},"end":{"line":88,"column":null}},"29":{"start":{"line":16,"column":13},"end":{"line":89,"column":null}},"30":{"start":{"line":16,"column":13},"end":{"line":16,"column":27}}},"fnMap":{"0":{"name":"(anonymous_4)","decl":{"start":{"line":19,"column":2},"end":{"line":19,"column":31}},"loc":{"start":{"line":19,"column":55},"end":{"line":19,"column":59}}},"1":{"name":"(anonymous_5)","decl":{"start":{"line":28,"column":2},"end":{"line":28,"column":7}},"loc":{"start":{"line":28,"column":39},"end":{"line":37,"column":3}}},"2":{"name":"(anonymous_6)","decl":{"start":{"line":48,"column":2},"end":{"line":48,"column":7}},"loc":{"start":{"line":48,"column":58},"end":{"line":52,"column":3}}},"3":{"name":"(anonymous_7)","decl":{"start":{"line":62,"column":2},"end":{"line":62,"column":7}},"loc":{"start":{"line":62,"column":58},"end":{"line":65,"column":3}}},"4":{"name":"(anonymous_8)","decl":{"start":{"line":73,"column":2},"end":{"line":73,"column":7}},"loc":{"start":{"line":73,"column":50},"end":{"line":75,"column":3}}},"5":{"name":"(anonymous_9)","decl":{"start":{"line":84,"column":2},"end":{"line":84,"column":7}},"loc":{"start":{"line":84,"column":74},"end":{"line":88,"column":3}}}},"branchMap":{},"s":{"0":8,"1":8,"2":8,"3":8,"4":8,"5":8,"6":8,"7":8,"8":8,"9":37,"10":37,"11":0,"12":0,"13":0,"14":0,"15":1,"16":1,"17":1,"18":1,"19":1,"20":1,"21":1,"22":1,"23":1,"24":8,"25":8,"26":8,"27":8,"28":8,"29":8,"30":8},"f":{"0":37,"1":0,"2":1,"3":1,"4":1,"5":1},"b":{}}
,"C:\\2020\\SPG\\projects\\energy-manager\\server\\src\\web\\rest\\user.jwt.controller.ts": {"path":"C:\\2020\\SPG\\projects\\energy-manager\\server\\src\\web\\rest\\user.jwt.controller.ts","statementMap":{"0":{"start":{"line":1,"column":0},"end":{"line":1,"column":91}},"1":{"start":{"line":3,"column":0},"end":{"line":3,"column":64}},"2":{"start":{"line":4,"column":0},"end":{"line":4,"column":57}},"3":{"start":{"line":5,"column":0},"end":{"line":5,"column":83}},"4":{"start":{"line":6,"column":0},"end":{"line":6,"column":72}},"5":{"start":{"line":11,"column":0},"end":{"line":27,"column":null}},"6":{"start":{"line":14,"column":31},"end":{"line":14,"column":44}},"7":{"start":{"line":12,"column":2},"end":{"line":12,"column":43}},"8":{"start":{"line":23,"column":16},"end":{"line":23,"column":50}},"9":{"start":{"line":24,"column":4},"end":{"line":24,"column":61}},"10":{"start":{"line":25,"column":4},"end":{"line":25,"column":25}},"11":{"start":{"line":22,"column":2},"end":{"line":26,"column":null}},"12":{"start":{"line":11,"column":13},"end":{"line":27,"column":null}},"13":{"start":{"line":11,"column":13},"end":{"line":11,"column":30}}},"fnMap":{"0":{"name":"(anonymous_4)","decl":{"start":{"line":14,"column":2},"end":{"line":14,"column":31}},"loc":{"start":{"line":14,"column":55},"end":{"line":14,"column":59}}},"1":{"name":"(anonymous_5)","decl":{"start":{"line":22,"column":2},"end":{"line":22,"column":7}},"loc":{"start":{"line":22,"column":87},"end":{"line":26,"column":3}}}},"branchMap":{},"s":{"0":8,"1":8,"2":8,"3":8,"4":8,"5":8,"6":37,"7":37,"8":1,"9":1,"10":1,"11":8,"12":8,"13":8},"f":{"0":37,"1":1},"b":{}}
,"C:\\2020\\SPG\\projects\\energy-manager\\server\\src\\web\\rest\\weather-data.controller.ts": {"path":"C:\\2020\\SPG\\projects\\energy-manager\\server\\src\\web\\rest\\weather-data.controller.ts","statementMap":{"0":{"start":{"line":1,"column":0},"end":{"line":1,"column":136}},"1":{"start":{"line":2,"column":0},"end":{"line":2,"column":87}},"2":{"start":{"line":4,"column":0},"end":{"line":4,"column":59}},"3":{"start":{"line":5,"column":0},"end":{"line":5,"column":72}},"4":{"start":{"line":6,"column":0},"end":{"line":6,"column":72}},"5":{"start":{"line":7,"column":0},"end":{"line":7,"column":72}},"6":{"start":{"line":8,"column":0},"end":{"line":8,"column":54}},"7":{"start":{"line":9,"column":0},"end":{"line":9,"column":83}},"8":{"start":{"line":16,"column":0},"end":{"line":90,"column":null}},"9":{"start":{"line":19,"column":31},"end":{"line":19,"column":51}},"10":{"start":{"line":17,"column":2},"end":{"line":17,"column":47}},"11":{"start":{"line":29,"column":37},"end":{"line":29,"column":100}},"12":{"start":{"line":30,"column":29},"end":{"line":34,"column":6}},"13":{"start":{"line":35,"column":4},"end":{"line":35,"column":84}},"14":{"start":{"line":36,"column":4},"end":{"line":36,"column":19}},"15":{"start":{"line":47,"column":4},"end":{"line":47,"column":54}},"16":{"start":{"line":60,"column":20},"end":{"line":60,"column":67}},"17":{"start":{"line":61,"column":4},"end":{"line":61,"column":75}},"18":{"start":{"line":62,"column":4},"end":{"line":62,"column":19}},"19":{"start":{"line":74,"column":4},"end":{"line":74,"column":79}},"20":{"start":{"line":75,"column":4},"end":{"line":75,"column":61}},"21":{"start":{"line":86,"column":4},"end":{"line":86,"column":67}},"22":{"start":{"line":87,"column":21},"end":{"line":87,"column":63}},"23":{"start":{"line":88,"column":4},"end":{"line":88,"column":58}},"24":{"start":{"line":28,"column":2},"end":{"line":37,"column":null}},"25":{"start":{"line":46,"column":2},"end":{"line":48,"column":null}},"26":{"start":{"line":59,"column":2},"end":{"line":63,"column":null}},"27":{"start":{"line":73,"column":2},"end":{"line":76,"column":null}},"28":{"start":{"line":85,"column":2},"end":{"line":89,"column":null}},"29":{"start":{"line":16,"column":13},"end":{"line":90,"column":null}},"30":{"start":{"line":16,"column":13},"end":{"line":16,"column":34}}},"fnMap":{"0":{"name":"(anonymous_5)","decl":{"start":{"line":19,"column":2},"end":{"line":19,"column":31}},"loc":{"start":{"line":19,"column":69},"end":{"line":19,"column":73}}},"1":{"name":"(anonymous_6)","decl":{"start":{"line":28,"column":2},"end":{"line":28,"column":7}},"loc":{"start":{"line":28,"column":34},"end":{"line":37,"column":3}}},"2":{"name":"(anonymous_7)","decl":{"start":{"line":46,"column":2},"end":{"line":46,"column":7}},"loc":{"start":{"line":46,"column":38},"end":{"line":48,"column":3}}},"3":{"name":"(anonymous_8)","decl":{"start":{"line":59,"column":2},"end":{"line":59,"column":7}},"loc":{"start":{"line":59,"column":66},"end":{"line":63,"column":3}}},"4":{"name":"(anonymous_9)","decl":{"start":{"line":73,"column":2},"end":{"line":73,"column":7}},"loc":{"start":{"line":73,"column":65},"end":{"line":76,"column":3}}},"5":{"name":"(anonymous_10)","decl":{"start":{"line":85,"column":2},"end":{"line":85,"column":7}},"loc":{"start":{"line":85,"column":59},"end":{"line":89,"column":3}}}},"branchMap":{},"s":{"0":8,"1":8,"2":8,"3":8,"4":8,"5":8,"6":8,"7":8,"8":8,"9":37,"10":37,"11":1,"12":1,"13":1,"14":1,"15":1,"16":1,"17":1,"18":1,"19":1,"20":1,"21":1,"22":1,"23":1,"24":8,"25":8,"26":8,"27":8,"28":8,"29":8,"30":8},"f":{"0":37,"1":1,"2":1,"3":1,"4":1,"5":1},"b":{}}
}
