TN:
SF:C:\2020\SPG\projects\energy-manager\server\src\app.module.ts
FNF:0
FNH:0
DA:1,8
DA:2,8
DA:3,8
DA:4,8
DA:5,8
DA:6,8
DA:7,8
DA:8,8
DA:9,8
DA:10,8
DA:34,8
LF:11
LH:11
BRF:0
BRH:0
end_of_record
TN:
SF:C:\2020\SPG\projects\energy-manager\server\src\config.ts
FN:48,(anonymous_2)
FN:52,(anonymous_3)
FN:56,(anonymous_4)
FN:66,(anonymous_5)
FN:77,(anonymous_6)
FN:80,(anonymous_7)
FN:103,objectToArray
FN:120,ipAddress
FNF:8
FNH:8
FNDA:8,(anonymous_2)
FNDA:8,(anonymous_3)
FNDA:8,(anonymous_4)
FNDA:8,(anonymous_5)
FNDA:320,(anonymous_6)
FNDA:64,(anonymous_7)
FNDA:280,objectToArray
FNDA:8,ipAddress
DA:1,8
DA:2,8
DA:3,8
DA:4,8
DA:6,8
DA:8,8
DA:9,8
DA:11,8
DA:12,8
DA:13,8
DA:14,8
DA:15,8
DA:16,8
DA:17,8
DA:18,8
DA:19,8
DA:20,8
DA:21,8
DA:22,8
DA:23,8
DA:24,8
DA:25,8
DA:26,8
DA:27,8
DA:28,8
DA:29,8
DA:30,8
DA:31,8
DA:32,8
DA:33,8
DA:34,8
DA:35,8
DA:36,8
DA:38,8
DA:39,8
DA:40,8
DA:41,8
DA:42,8
DA:43,8
DA:44,8
DA:45,8
DA:46,8
DA:49,8
DA:53,8
DA:57,8
DA:58,8
DA:59,304
DA:60,304
DA:63,8
DA:67,8
DA:68,8
DA:69,320
DA:70,320
DA:71,320
DA:72,320
DA:79,320
DA:80,216
DA:82,104
DA:86,8
DA:87,8
DA:89,8
DA:90,8
DA:91,8
DA:92,8
DA:93,0
DA:97,8
DA:99,8
DA:101,8
DA:104,280
DA:105,280
DA:106,864
DA:107,864
DA:108,864
DA:110,864
DA:111,256
DA:113,608
DA:117,280
DA:121,8
DA:122,8
DA:123,8
DA:124,8
DA:125,8
DA:126,16
DA:127,8
DA:133,0
LF:85
LH:83
BRDA:59,0,0,304
BRDA:59,0,1,0
BRDA:69,1,0,320
BRDA:69,1,1,0
BRDA:79,2,0,216
BRDA:79,2,1,104
BRDA:92,3,0,0
BRDA:92,3,1,8
BRDA:104,4,0,280
BRDA:104,4,1,24
BRDA:106,5,0,864
BRDA:106,5,1,0
BRDA:107,6,0,512
BRDA:107,6,1,352
BRDA:110,7,0,256
BRDA:110,7,1,608
BRDA:123,8,0,8
BRDA:123,8,1,0
BRDA:126,9,0,8
BRDA:126,9,1,8
BRDA:126,10,0,16
BRDA:126,10,1,8
BRDA:126,10,2,8
BRF:23
BRH:18
end_of_record
TN:
SF:C:\2020\SPG\projects\energy-manager\server\src\orm.config.ts
FNF:0
FNH:0
DA:3,8
DA:13,8
DA:25,8
DA:26,0
DA:40,8
DA:41,8
DA:54,8
LF:7
LH:6
BRDA:25,0,0,0
BRDA:25,0,1,8
BRDA:40,1,0,8
BRDA:40,1,1,0
BRF:4
BRH:2
end_of_record
TN:
SF:C:\2020\SPG\projects\energy-manager\server\src\client\header-util.ts
FN:9,(anonymous_0)
FN:14,(anonymous_1)
FN:22,(anonymous_2)
FN:29,(anonymous_3)
FN:37,(anonymous_4)
FN:54,(anonymous_5)
FNF:6
FNH:5
FNDA:21,(anonymous_0)
FNDA:14,(anonymous_1)
FNDA:0,(anonymous_2)
FNDA:7,(anonymous_3)
FNDA:6,(anonymous_4)
FNDA:12,(anonymous_5)
DA:1,8
DA:5,8
DA:6,8
DA:8,8
DA:10,21
DA:11,21
DA:15,14
DA:16,14
DA:19,14
DA:23,0
DA:26,0
DA:30,7
DA:31,7
DA:34,7
DA:38,6
DA:39,6
DA:40,6
DA:41,6
DA:42,6
DA:43,6
DA:44,0
DA:46,6
DA:47,0
DA:49,6
DA:50,6
DA:51,6
DA:55,12
DA:56,12
DA:57,12
DA:58,12
DA:59,12
LF:31
LH:27
BRDA:17,0,0,14
BRDA:17,0,1,0
BRDA:24,1,0,0
BRDA:24,1,1,0
BRDA:32,2,0,7
BRDA:32,2,1,0
BRDA:43,3,0,0
BRDA:43,3,1,6
BRDA:46,4,0,0
BRDA:46,4,1,6
BRF:10
BRH:4
end_of_record
TN:
SF:C:\2020\SPG\projects\energy-manager\server\src\client\interceptors\logging.interceptor.ts
FN:7,(anonymous_1)
FNF:1
FNH:1
FNDA:36,(anonymous_1)
DA:1,8
DA:6,8
DA:8,36
DA:9,36
DA:10,36
LF:5
LH:5
BRF:0
BRH:0
end_of_record
TN:
SF:C:\2020\SPG\projects\energy-manager\server\src\domain\authority.entity.ts
FNF:0
FNH:0
DA:1,8
DA:2,8
DA:5,8
DA:8,8
LF:4
LH:4
BRF:0
BRH:0
end_of_record
TN:
SF:C:\2020\SPG\projects\energy-manager\server\src\domain\country.entity.ts
FN:19,(anonymous_3)
FN:20,(anonymous_4)
FN:26,(anonymous_5)
FN:27,(anonymous_6)
FNF:4
FNH:4
FNDA:37,(anonymous_3)
FNDA:37,(anonymous_4)
FNDA:37,(anonymous_5)
FNDA:37,(anonymous_6)
DA:2,8
DA:3,8
DA:7,8
DA:8,8
DA:14,8
DA:16,8
DA:19,37
DA:20,37
DA:23,8
DA:26,37
DA:27,37
DA:29,8
LF:12
LH:12
BRF:0
BRH:0
end_of_record
TN:
SF:C:\2020\SPG\projects\energy-manager\server\src\domain\energy-billing-data.entity.ts
FN:28,(anonymous_3)
FN:31,(anonymous_4)
FNF:2
FNH:2
FNDA:37,(anonymous_3)
FNDA:37,(anonymous_4)
DA:2,8
DA:3,8
DA:8,8
DA:9,8
DA:15,8
DA:17,8
DA:20,8
DA:23,8
DA:26,8
DA:28,37
DA:29,8
DA:31,37
DA:32,8
LF:13
LH:13
BRF:0
BRH:0
end_of_record
TN:
SF:C:\2020\SPG\projects\energy-manager\server\src\domain\energy-type.entity.ts
FNF:0
FNH:0
DA:2,8
DA:3,8
DA:11,8
DA:13,8
LF:4
LH:4
BRF:0
BRH:0
end_of_record
TN:
SF:C:\2020\SPG\projects\energy-manager\server\src\domain\region.entity.ts
FN:18,(anonymous_3)
FN:19,(anonymous_4)
FNF:2
FNH:2
FNDA:37,(anonymous_3)
FNDA:37,(anonymous_4)
DA:2,8
DA:3,8
DA:7,8
DA:13,8
DA:15,8
DA:18,37
DA:19,37
DA:21,8
LF:8
LH:8
BRF:0
BRH:0
end_of_record
TN:
SF:C:\2020\SPG\projects\energy-manager\server\src\domain\site.entity.ts
FN:36,(anonymous_3)
FN:37,(anonymous_4)
FNF:2
FNH:2
FNDA:37,(anonymous_3)
FNDA:37,(anonymous_4)
DA:2,8
DA:3,8
DA:7,8
DA:13,8
DA:15,8
DA:18,8
DA:21,8
DA:24,8
DA:27,8
DA:30,8
DA:33,8
DA:36,37
DA:37,37
DA:40,8
LF:14
LH:14
BRF:0
BRH:0
end_of_record
TN:
SF:C:\2020\SPG\projects\energy-manager\server\src\domain\user.entity.ts
FN:28,(anonymous_2)
FNF:1
FNH:1
FNDA:37,(anonymous_2)
DA:1,8
DA:2,8
DA:3,8
DA:4,8
DA:7,8
DA:10,8
DA:13,8
DA:16,8
DA:19,8
DA:22,8
DA:25,8
DA:28,37
DA:31,8
DA:35,8
DA:37,8
DA:39,8
DA:41,8
DA:43,8
LF:18
LH:18
BRF:0
BRH:0
end_of_record
TN:
SF:C:\2020\SPG\projects\energy-manager\server\src\domain\weather-data.entity.ts
FN:27,(anonymous_3)
FNF:1
FNH:1
FNDA:37,(anonymous_3)
DA:2,8
DA:3,8
DA:8,8
DA:14,8
DA:16,8
DA:19,8
DA:22,8
DA:25,8
DA:27,37
DA:28,8
LF:10
LH:10
BRF:0
BRH:0
end_of_record
TN:
SF:C:\2020\SPG\projects\energy-manager\server\src\domain\base\base.entity.ts
FNF:0
FNH:0
DA:1,8
DA:2,8
DA:4,8
DA:8,8
DA:11,8
DA:13,8
DA:15,8
DA:17,8
LF:8
LH:8
BRF:0
BRH:0
end_of_record
TN:
SF:C:\2020\SPG\projects\energy-manager\server\src\domain\base\pagination.entity.ts
FN:8,(anonymous_2)
FN:14,(anonymous_3)
FN:29,(anonymous_4)
FN:26,(anonymous_5)
FN:37,(anonymous_6)
FNF:5
FNH:4
FNDA:6,(anonymous_2)
FNDA:6,(anonymous_3)
FNDA:6,(anonymous_4)
FNDA:0,(anonymous_5)
FNDA:6,(anonymous_6)
DA:3,8
DA:5,8
DA:9,6
DA:10,6
DA:15,6
DA:16,6
DA:17,6
DA:21,8
DA:23,8
DA:25,8
DA:26,0
DA:27,8
DA:30,6
DA:31,6
DA:32,6
DA:36,8
DA:37,6
LF:17
LH:16
BRDA:9,0,0,6
BRDA:9,0,1,0
BRDA:30,1,0,6
BRDA:30,1,1,6
BRDA:31,2,0,6
BRDA:31,2,1,6
BRDA:32,3,0,0
BRDA:32,3,1,6
BRF:8
BRH:6
end_of_record
TN:
SF:C:\2020\SPG\projects\energy-manager\server\src\migrations\1570200270081-CreateTables.ts
FN:4,(anonymous_0)
FN:15,(anonymous_1)
FNF:2
FNH:1
FNDA:37,(anonymous_0)
FNDA:0,(anonymous_1)
DA:3,8
DA:5,37
DA:6,0
DA:7,0
DA:10,0
LF:5
LH:2
BRDA:5,0,0,0
BRDA:5,0,1,37
BRDA:6,1,0,0
BRDA:6,1,1,0
BRF:4
BRH:1
end_of_record
TN:
SF:C:\2020\SPG\projects\energy-manager\server\src\migrations\1570200490072-SeedUsersRoles.ts
FN:5,(anonymous_0)
FN:62,(anonymous_1)
FN:92,(anonymous_2)
FNF:3
FNH:2
FNDA:8,(anonymous_0)
FNDA:37,(anonymous_1)
FNDA:0,(anonymous_2)
DA:2,8
DA:3,8
DA:5,8
DA:6,8
DA:8,8
DA:10,8
DA:23,8
DA:36,8
DA:49,8
DA:63,37
DA:64,37
DA:71,37
DA:78,37
DA:84,37
LF:14
LH:14
BRF:0
BRH:0
end_of_record
TN:
SF:C:\2020\SPG\projects\energy-manager\server\src\module\auth.module.ts
FNF:0
FNH:0
DA:1,8
DA:2,8
DA:3,8
DA:4,8
DA:5,8
DA:6,8
DA:7,8
DA:8,8
DA:9,8
DA:10,8
DA:12,8
DA:13,8
DA:29,8
LF:13
LH:13
BRF:0
BRH:0
end_of_record
TN:
SF:C:\2020\SPG\projects\energy-manager\server\src\module\country.module.ts
FNF:0
FNH:0
DA:1,8
DA:2,8
DA:3,8
DA:4,8
DA:5,8
DA:13,8
LF:6
LH:6
BRF:0
BRH:0
end_of_record
TN:
SF:C:\2020\SPG\projects\energy-manager\server\src\module\energy-billing-data.module.ts
FNF:0
FNH:0
DA:1,8
DA:2,8
DA:3,8
DA:4,8
DA:5,8
DA:13,8
LF:6
LH:6
BRF:0
BRH:0
end_of_record
TN:
SF:C:\2020\SPG\projects\energy-manager\server\src\module\energy-type.module.ts
FNF:0
FNH:0
DA:1,8
DA:2,8
DA:3,8
DA:4,8
DA:5,8
DA:13,8
LF:6
LH:6
BRF:0
BRH:0
end_of_record
TN:
SF:C:\2020\SPG\projects\energy-manager\server\src\module\region.module.ts
FNF:0
FNH:0
DA:1,8
DA:2,8
DA:3,8
DA:4,8
DA:5,8
DA:13,8
LF:6
LH:6
BRF:0
BRH:0
end_of_record
TN:
SF:C:\2020\SPG\projects\energy-manager\server\src\module\site.module.ts
FNF:0
FNH:0
DA:1,8
DA:2,8
DA:3,8
DA:4,8
DA:5,8
DA:13,8
LF:6
LH:6
BRF:0
BRH:0
end_of_record
TN:
SF:C:\2020\SPG\projects\energy-manager\server\src\module\user.module.ts
FNF:0
FNH:0
DA:1,8
DA:2,8
DA:3,8
DA:4,8
DA:5,8
DA:6,8
DA:14,8
LF:7
LH:7
BRF:0
BRH:0
end_of_record
TN:
SF:C:\2020\SPG\projects\energy-manager\server\src\module\weather-data.module.ts
FNF:0
FNH:0
DA:1,8
DA:2,8
DA:3,8
DA:4,8
DA:5,8
DA:13,8
LF:6
LH:6
BRF:0
BRH:0
end_of_record
TN:
SF:C:\2020\SPG\projects\energy-manager\server\src\repository\authority.repository.ts
FNF:0
FNH:0
DA:1,8
DA:2,8
DA:5,8
LF:3
LH:3
BRF:0
BRH:0
end_of_record
TN:
SF:C:\2020\SPG\projects\energy-manager\server\src\repository\country.repository.ts
FNF:0
FNH:0
DA:1,8
DA:2,8
DA:5,8
LF:3
LH:3
BRF:0
BRH:0
end_of_record
TN:
SF:C:\2020\SPG\projects\energy-manager\server\src\repository\energy-billing-data.repository.ts
FNF:0
FNH:0
DA:1,8
DA:2,8
DA:5,8
LF:3
LH:3
BRF:0
BRH:0
end_of_record
TN:
SF:C:\2020\SPG\projects\energy-manager\server\src\repository\energy-type.repository.ts
FNF:0
FNH:0
DA:1,8
DA:2,8
DA:5,8
LF:3
LH:3
BRF:0
BRH:0
end_of_record
TN:
SF:C:\2020\SPG\projects\energy-manager\server\src\repository\region.repository.ts
FNF:0
FNH:0
DA:1,8
DA:2,8
DA:5,8
LF:3
LH:3
BRF:0
BRH:0
end_of_record
TN:
SF:C:\2020\SPG\projects\energy-manager\server\src\repository\site.repository.ts
FNF:0
FNH:0
DA:1,8
DA:2,8
DA:5,8
LF:3
LH:3
BRF:0
BRH:0
end_of_record
TN:
SF:C:\2020\SPG\projects\energy-manager\server\src\repository\user.repository.ts
FNF:0
FNH:0
DA:1,8
DA:2,8
DA:5,8
LF:3
LH:3
BRF:0
BRH:0
end_of_record
TN:
SF:C:\2020\SPG\projects\energy-manager\server\src\repository\weather-data.repository.ts
FNF:0
FNH:0
DA:1,8
DA:2,8
DA:5,8
LF:3
LH:3
BRF:0
BRH:0
end_of_record
TN:
SF:C:\2020\SPG\projects\energy-manager\server\src\security\index.ts
FNF:0
FNH:0
DA:1,8
DA:2,8
DA:3,8
DA:4,8
DA:5,8
LF:5
LH:5
BRF:0
BRH:0
end_of_record
TN:
SF:C:\2020\SPG\projects\energy-manager\server\src\security\passport.jwt.strategy.ts
FN:10,(anonymous_2)
FN:18,(anonymous_3)
FNF:2
FNH:1
FNDA:37,(anonymous_2)
FNDA:0,(anonymous_3)
DA:1,8
DA:2,8
DA:3,8
DA:5,8
DA:6,8
DA:9,8
DA:10,37
DA:11,37
DA:19,0
DA:20,0
DA:21,0
DA:24,0
LF:12
LH:8
BRDA:20,0,0,0
BRDA:20,0,1,0
BRF:2
BRH:0
end_of_record
TN:
SF:C:\2020\SPG\projects\energy-manager\server\src\security\role-type.ts
FN:3,(anonymous_0)
FNF:1
FNH:1
FNDA:8,(anonymous_0)
DA:3,8
DA:4,8
DA:5,8
DA:6,8
LF:4
LH:4
BRDA:3,0,0,8
BRDA:3,0,1,8
BRF:2
BRH:2
end_of_record
TN:
SF:C:\2020\SPG\projects\energy-manager\server\src\security\decorators\auth-user.decorator.ts
FN:3,(anonymous_0)
FNF:1
FNH:0
FNDA:0,(anonymous_0)
DA:1,8
DA:3,8
LF:2
LH:2
BRF:0
BRH:0
end_of_record
TN:
SF:C:\2020\SPG\projects\energy-manager\server\src\security\decorators\roles.decorator.ts
FN:4,(anonymous_0)
FNF:1
FNH:1
FNDA:280,(anonymous_0)
DA:1,8
DA:4,280
LF:2
LH:2
BRF:0
BRH:0
end_of_record
TN:
SF:C:\2020\SPG\projects\energy-manager\server\src\security\guards\auth.guard.ts
FN:4,(anonymous_1)
FN:8,(anonymous_2)
FNF:2
FNH:1
FNDA:53,(anonymous_1)
FNDA:0,(anonymous_2)
DA:1,8
DA:2,8
DA:5,8
DA:6,53
DA:9,0
LF:5
LH:4
BRF:0
BRH:0
end_of_record
TN:
SF:C:\2020\SPG\projects\energy-manager\server\src\security\guards\roles.guard.ts
FN:7,(anonymous_2)
FN:9,(anonymous_3)
FN:19,(anonymous_4)
FNF:3
FNH:1
FNDA:53,(anonymous_2)
FNDA:0,(anonymous_3)
FNDA:0,(anonymous_4)
DA:1,8
DA:2,8
DA:6,8
DA:7,53
DA:10,0
DA:12,0
DA:13,0
DA:16,0
DA:17,0
DA:19,0
LF:10
LH:4
BRDA:12,0,0,0
BRDA:12,0,1,0
BRDA:19,1,0,0
BRDA:19,1,1,0
BRDA:19,1,2,0
BRF:5
BRH:0
end_of_record
TN:
SF:C:\2020\SPG\projects\energy-manager\server\src\service\auth.service.ts
FN:14,(anonymous_4)
FN:20,(anonymous_5)
FN:40,(anonymous_6)
FN:44,(anonymous_7)
FN:48,(anonymous_8)
FNF:5
FNH:3
FNDA:37,(anonymous_4)
FNDA:1,(anonymous_5)
FNDA:0,(anonymous_6)
FNDA:0,(anonymous_7)
FNDA:1,(anonymous_8)
DA:1,8
DA:2,8
DA:3,8
DA:8,8
DA:9,8
DA:12,8
DA:13,37
DA:15,37
DA:16,37
DA:17,37
DA:21,1
DA:22,1
DA:24,1
DA:25,1
DA:26,0
DA:29,1
DA:31,1
DA:34,1
DA:41,0
DA:45,0
DA:49,1
DA:50,1
LF:22
LH:19
BRDA:25,0,0,0
BRDA:25,0,1,1
BRF:2
BRH:1
end_of_record
TN:
SF:C:\2020\SPG\projects\energy-manager\server\src\service\country.service.ts
FN:13,(anonymous_4)
FN:15,(anonymous_5)
FN:20,(anonymous_6)
FN:24,(anonymous_7)
FN:29,(anonymous_8)
FN:33,(anonymous_9)
FN:37,(anonymous_10)
FNF:7
FNH:1
FNDA:32,(anonymous_4)
FNDA:0,(anonymous_5)
FNDA:0,(anonymous_6)
FNDA:0,(anonymous_7)
FNDA:0,(anonymous_8)
FNDA:0,(anonymous_9)
FNDA:0,(anonymous_10)
DA:1,8
DA:2,8
DA:5,8
DA:7,8
DA:10,8
DA:11,32
DA:13,32
DA:16,0
DA:17,0
DA:21,0
DA:25,0
DA:26,0
DA:30,0
DA:34,0
DA:38,0
LF:15
LH:7
BRF:0
BRH:0
end_of_record
TN:
SF:C:\2020\SPG\projects\energy-manager\server\src\service\energy-billing-data.service.ts
FN:15,(anonymous_4)
FN:17,(anonymous_5)
FN:22,(anonymous_6)
FN:26,(anonymous_7)
FN:31,(anonymous_8)
FN:35,(anonymous_9)
FN:39,(anonymous_10)
FNF:7
FNH:1
FNDA:32,(anonymous_4)
FNDA:0,(anonymous_5)
FNDA:0,(anonymous_6)
FNDA:0,(anonymous_7)
FNDA:0,(anonymous_8)
FNDA:0,(anonymous_9)
FNDA:0,(anonymous_10)
DA:1,8
DA:2,8
DA:5,8
DA:7,8
DA:8,8
DA:9,8
DA:12,8
DA:13,32
DA:15,32
DA:18,0
DA:19,0
DA:23,0
DA:27,0
DA:28,0
DA:32,0
DA:36,0
DA:40,0
LF:17
LH:9
BRF:0
BRH:0
end_of_record
TN:
SF:C:\2020\SPG\projects\energy-manager\server\src\service\energy-type.service.ts
FN:13,(anonymous_4)
FN:15,(anonymous_5)
FN:20,(anonymous_6)
FN:24,(anonymous_7)
FN:29,(anonymous_8)
FN:33,(anonymous_9)
FN:37,(anonymous_10)
FNF:7
FNH:1
FNDA:32,(anonymous_4)
FNDA:0,(anonymous_5)
FNDA:0,(anonymous_6)
FNDA:0,(anonymous_7)
FNDA:0,(anonymous_8)
FNDA:0,(anonymous_9)
FNDA:0,(anonymous_10)
DA:1,8
DA:2,8
DA:5,8
DA:7,8
DA:10,8
DA:11,32
DA:13,32
DA:16,0
DA:17,0
DA:21,0
DA:25,0
DA:26,0
DA:30,0
DA:34,0
DA:38,0
LF:15
LH:7
BRF:0
BRH:0
end_of_record
TN:
SF:C:\2020\SPG\projects\energy-manager\server\src\service\region.service.ts
FN:13,(anonymous_4)
FN:15,(anonymous_5)
FN:20,(anonymous_6)
FN:24,(anonymous_7)
FN:29,(anonymous_8)
FN:33,(anonymous_9)
FN:37,(anonymous_10)
FNF:7
FNH:1
FNDA:32,(anonymous_4)
FNDA:0,(anonymous_5)
FNDA:0,(anonymous_6)
FNDA:0,(anonymous_7)
FNDA:0,(anonymous_8)
FNDA:0,(anonymous_9)
FNDA:0,(anonymous_10)
DA:1,8
DA:2,8
DA:5,8
DA:7,8
DA:10,8
DA:11,32
DA:13,32
DA:16,0
DA:17,0
DA:21,0
DA:25,0
DA:26,0
DA:30,0
DA:34,0
DA:38,0
LF:15
LH:7
BRF:0
BRH:0
end_of_record
TN:
SF:C:\2020\SPG\projects\energy-manager\server\src\service\site.service.ts
FN:13,(anonymous_4)
FN:15,(anonymous_5)
FN:20,(anonymous_6)
FN:24,(anonymous_7)
FN:29,(anonymous_8)
FN:33,(anonymous_9)
FN:37,(anonymous_10)
FNF:7
FNH:1
FNDA:32,(anonymous_4)
FNDA:0,(anonymous_5)
FNDA:0,(anonymous_6)
FNDA:0,(anonymous_7)
FNDA:0,(anonymous_8)
FNDA:0,(anonymous_9)
FNDA:0,(anonymous_10)
DA:1,8
DA:2,8
DA:5,8
DA:7,8
DA:10,8
DA:11,32
DA:13,32
DA:16,0
DA:17,0
DA:21,0
DA:25,0
DA:26,0
DA:30,0
DA:34,0
DA:38,0
LF:15
LH:7
BRF:0
BRH:0
end_of_record
TN:
SF:C:\2020\SPG\projects\energy-manager\server\src\service\user.service.ts
FN:9,(anonymous_4)
FN:11,(anonymous_5)
FN:16,(anonymous_6)
FN:22,(anonymous_7)
FN:27,(anonymous_8)
FN:32,(anonymous_9)
FN:38,(anonymous_10)
FN:44,(anonymous_11)
FN:48,(anonymous_12)
FN:52,(anonymous_13)
FN:55,(anonymous_14)
FN:61,(anonymous_15)
FN:64,(anonymous_16)
FNF:13
FNH:9
FNDA:37,(anonymous_4)
FNDA:0,(anonymous_5)
FNDA:2,(anonymous_6)
FNDA:2,(anonymous_7)
FNDA:0,(anonymous_8)
FNDA:0,(anonymous_9)
FNDA:2,(anonymous_10)
FNDA:1,(anonymous_11)
FNDA:1,(anonymous_12)
FNDA:6,(anonymous_13)
FNDA:4,(anonymous_14)
FNDA:2,(anonymous_15)
FNDA:0,(anonymous_16)
DA:1,8
DA:2,8
DA:4,8
DA:8,8
DA:9,37
DA:12,0
DA:13,0
DA:17,2
DA:18,2
DA:19,2
DA:23,2
DA:24,2
DA:28,0
DA:29,0
DA:30,0
DA:31,0
DA:32,0
DA:33,0
DA:35,0
DA:39,2
DA:40,2
DA:41,2
DA:45,1
DA:49,1
DA:53,6
DA:54,2
DA:55,4
DA:56,2
DA:58,6
DA:62,2
DA:63,0
DA:64,0
DA:65,0
DA:67,2
LF:34
LH:22
BRDA:31,0,0,0
BRDA:31,0,1,0
BRDA:31,1,0,0
BRDA:31,1,1,0
BRDA:53,2,0,2
BRDA:53,2,1,4
BRDA:53,3,0,6
BRDA:53,3,1,6
BRDA:62,4,0,0
BRDA:62,4,1,2
BRDA:62,5,0,2
BRDA:62,5,1,2
BRF:12
BRH:7
end_of_record
TN:
SF:C:\2020\SPG\projects\energy-manager\server\src\service\weather-data.service.ts
FN:14,(anonymous_4)
FN:16,(anonymous_5)
FN:21,(anonymous_6)
FN:25,(anonymous_7)
FN:30,(anonymous_8)
FN:34,(anonymous_9)
FN:38,(anonymous_10)
FNF:7
FNH:1
FNDA:32,(anonymous_4)
FNDA:0,(anonymous_5)
FNDA:0,(anonymous_6)
FNDA:0,(anonymous_7)
FNDA:0,(anonymous_8)
FNDA:0,(anonymous_9)
FNDA:0,(anonymous_10)
DA:1,8
DA:2,8
DA:5,8
DA:7,8
DA:8,8
DA:11,8
DA:12,32
DA:14,32
DA:17,0
DA:18,0
DA:22,0
DA:26,0
DA:27,0
DA:31,0
DA:35,0
DA:39,0
LF:16
LH:8
BRF:0
BRH:0
end_of_record
TN:
SF:C:\2020\SPG\projects\energy-manager\server\src\service\dto\user-login.dto.ts
FNF:0
FNH:0
DA:1,8
DA:2,8
DA:4,8
DA:7,8
DA:10,8
DA:14,8
LF:6
LH:6
BRF:0
BRH:0
end_of_record
TN:
SF:C:\2020\SPG\projects\energy-manager\server\src\web\rest\account.controller.ts
FN:17,(anonymous_4)
FN:25,(anonymous_5)
FN:35,(anonymous_6)
FN:45,(anonymous_7)
FN:56,(anonymous_8)
FN:68,(anonymous_9)
FN:79,(anonymous_10)
FN:90,(anonymous_11)
FN:101,(anonymous_12)
FNF:9
FNH:1
FNDA:37,(anonymous_4)
FNDA:0,(anonymous_5)
FNDA:0,(anonymous_6)
FNDA:0,(anonymous_7)
FNDA:0,(anonymous_8)
FNDA:0,(anonymous_9)
FNDA:0,(anonymous_10)
FNDA:0,(anonymous_11)
FNDA:0,(anonymous_12)
DA:1,8
DA:3,8
DA:4,8
DA:5,8
DA:6,8
DA:7,8
DA:14,8
DA:15,37
DA:17,37
DA:25,8
DA:26,0
DA:35,8
DA:36,0
DA:45,8
DA:46,0
DA:47,0
DA:56,8
DA:57,0
DA:58,0
DA:68,8
DA:69,0
DA:79,8
DA:80,0
DA:90,8
DA:91,0
DA:101,8
DA:102,0
LF:27
LH:17
BRF:0
BRH:0
end_of_record
TN:
SF:C:\2020\SPG\projects\energy-manager\server\src\web\rest\auth.controller.ts
FN:16,(anonymous_4)
FN:27,(anonymous_5)
FNF:2
FNH:1
FNDA:37,(anonymous_4)
FNDA:0,(anonymous_5)
DA:1,8
DA:3,8
DA:4,8
DA:5,8
DA:6,8
DA:13,8
DA:14,37
DA:16,37
DA:27,8
DA:28,0
DA:29,0
LF:11
LH:9
BRF:0
BRH:0
end_of_record
TN:
SF:C:\2020\SPG\projects\energy-manager\server\src\web\rest\country.controller.ts
FN:19,(anonymous_5)
FN:28,(anonymous_6)
FN:46,(anonymous_7)
FN:59,(anonymous_8)
FN:73,(anonymous_9)
FN:85,(anonymous_10)
FNF:6
FNH:6
FNDA:37,(anonymous_5)
FNDA:1,(anonymous_6)
FNDA:1,(anonymous_7)
FNDA:1,(anonymous_8)
FNDA:1,(anonymous_9)
FNDA:1,(anonymous_10)
DA:1,8
DA:2,8
DA:4,8
DA:5,8
DA:6,8
DA:7,8
DA:8,8
DA:9,8
DA:16,8
DA:17,37
DA:19,37
DA:28,8
DA:29,1
DA:30,1
DA:35,1
DA:36,1
DA:46,8
DA:47,1
DA:59,8
DA:60,1
DA:61,1
DA:62,1
DA:73,8
DA:74,1
DA:75,1
DA:85,8
DA:86,1
DA:87,1
DA:88,1
LF:29
LH:29
BRF:0
BRH:0
end_of_record
TN:
SF:C:\2020\SPG\projects\energy-manager\server\src\web\rest\energy-billing-data.controller.ts
FN:19,(anonymous_5)
FN:28,(anonymous_6)
FN:46,(anonymous_7)
FN:59,(anonymous_8)
FN:73,(anonymous_9)
FN:85,(anonymous_10)
FNF:6
FNH:6
FNDA:37,(anonymous_5)
FNDA:1,(anonymous_6)
FNDA:1,(anonymous_7)
FNDA:1,(anonymous_8)
FNDA:1,(anonymous_9)
FNDA:1,(anonymous_10)
DA:1,8
DA:2,8
DA:4,8
DA:5,8
DA:6,8
DA:7,8
DA:8,8
DA:9,8
DA:16,8
DA:17,37
DA:19,37
DA:28,8
DA:29,1
DA:30,1
DA:35,1
DA:36,1
DA:46,8
DA:47,1
DA:59,8
DA:60,1
DA:61,1
DA:62,1
DA:73,8
DA:74,1
DA:75,1
DA:85,8
DA:86,1
DA:87,1
DA:88,1
LF:29
LH:29
BRF:0
BRH:0
end_of_record
TN:
SF:C:\2020\SPG\projects\energy-manager\server\src\web\rest\energy-type.controller.ts
FN:19,(anonymous_5)
FN:28,(anonymous_6)
FN:46,(anonymous_7)
FN:59,(anonymous_8)
FN:73,(anonymous_9)
FN:85,(anonymous_10)
FNF:6
FNH:6
FNDA:37,(anonymous_5)
FNDA:1,(anonymous_6)
FNDA:1,(anonymous_7)
FNDA:1,(anonymous_8)
FNDA:1,(anonymous_9)
FNDA:1,(anonymous_10)
DA:1,8
DA:2,8
DA:4,8
DA:5,8
DA:6,8
DA:7,8
DA:8,8
DA:9,8
DA:16,8
DA:17,37
DA:19,37
DA:28,8
DA:29,1
DA:30,1
DA:35,1
DA:36,1
DA:46,8
DA:47,1
DA:59,8
DA:60,1
DA:61,1
DA:62,1
DA:73,8
DA:74,1
DA:75,1
DA:85,8
DA:86,1
DA:87,1
DA:88,1
LF:29
LH:29
BRF:0
BRH:0
end_of_record
TN:
SF:C:\2020\SPG\projects\energy-manager\server\src\web\rest\management.controller.ts
FN:5,(anonymous_2)
FN:18,(anonymous_3)
FNF:2
FNH:2
FNDA:37,(anonymous_2)
FNDA:1,(anonymous_3)
DA:1,8
DA:2,8
DA:3,8
DA:8,8
DA:9,37
DA:18,8
DA:19,1
LF:7
LH:7
BRF:0
BRH:0
end_of_record
TN:
SF:C:\2020\SPG\projects\energy-manager\server\src\web\rest\region.controller.ts
FN:19,(anonymous_5)
FN:28,(anonymous_6)
FN:46,(anonymous_7)
FN:59,(anonymous_8)
FN:73,(anonymous_9)
FN:85,(anonymous_10)
FNF:6
FNH:6
FNDA:37,(anonymous_5)
FNDA:1,(anonymous_6)
FNDA:1,(anonymous_7)
FNDA:1,(anonymous_8)
FNDA:1,(anonymous_9)
FNDA:1,(anonymous_10)
DA:1,8
DA:2,8
DA:4,8
DA:5,8
DA:6,8
DA:7,8
DA:8,8
DA:9,8
DA:16,8
DA:17,37
DA:19,37
DA:28,8
DA:29,1
DA:30,1
DA:35,1
DA:36,1
DA:46,8
DA:47,1
DA:59,8
DA:60,1
DA:61,1
DA:62,1
DA:73,8
DA:74,1
DA:75,1
DA:85,8
DA:86,1
DA:87,1
DA:88,1
LF:29
LH:29
BRF:0
BRH:0
end_of_record
TN:
SF:C:\2020\SPG\projects\energy-manager\server\src\web\rest\site.controller.ts
FN:19,(anonymous_5)
FN:28,(anonymous_6)
FN:46,(anonymous_7)
FN:59,(anonymous_8)
FN:73,(anonymous_9)
FN:85,(anonymous_10)
FNF:6
FNH:6
FNDA:37,(anonymous_5)
FNDA:1,(anonymous_6)
FNDA:1,(anonymous_7)
FNDA:1,(anonymous_8)
FNDA:1,(anonymous_9)
FNDA:1,(anonymous_10)
DA:1,8
DA:2,8
DA:4,8
DA:5,8
DA:6,8
DA:7,8
DA:8,8
DA:9,8
DA:16,8
DA:17,37
DA:19,37
DA:28,8
DA:29,1
DA:30,1
DA:35,1
DA:36,1
DA:46,8
DA:47,1
DA:59,8
DA:60,1
DA:61,1
DA:62,1
DA:73,8
DA:74,1
DA:75,1
DA:85,8
DA:86,1
DA:87,1
DA:88,1
LF:29
LH:29
BRF:0
BRH:0
end_of_record
TN:
SF:C:\2020\SPG\projects\energy-manager\server\src\web\rest\user.controller.ts
FN:19,(anonymous_4)
FN:28,(anonymous_5)
FN:48,(anonymous_6)
FN:62,(anonymous_7)
FN:73,(anonymous_8)
FN:84,(anonymous_9)
FNF:6
FNH:5
FNDA:37,(anonymous_4)
FNDA:0,(anonymous_5)
FNDA:1,(anonymous_6)
FNDA:1,(anonymous_7)
FNDA:1,(anonymous_8)
FNDA:1,(anonymous_9)
DA:1,8
DA:3,8
DA:4,8
DA:5,8
DA:6,8
DA:7,8
DA:8,8
DA:9,8
DA:16,8
DA:17,37
DA:19,37
DA:28,8
DA:29,0
DA:30,0
DA:35,0
DA:36,0
DA:48,8
DA:49,1
DA:50,1
DA:51,1
DA:62,8
DA:63,1
DA:64,1
DA:73,8
DA:74,1
DA:84,8
DA:85,1
DA:86,1
DA:87,1
LF:29
LH:25
BRF:0
BRH:0
end_of_record
TN:
SF:C:\2020\SPG\projects\energy-manager\server\src\web\rest\user.jwt.controller.ts
FN:14,(anonymous_4)
FN:22,(anonymous_5)
FNF:2
FNH:2
FNDA:37,(anonymous_4)
FNDA:1,(anonymous_5)
DA:1,8
DA:3,8
DA:4,8
DA:5,8
DA:6,8
DA:11,8
DA:12,37
DA:14,37
DA:22,8
DA:23,1
DA:24,1
DA:25,1
LF:12
LH:12
BRF:0
BRH:0
end_of_record
TN:
SF:C:\2020\SPG\projects\energy-manager\server\src\web\rest\weather-data.controller.ts
FN:19,(anonymous_5)
FN:28,(anonymous_6)
FN:46,(anonymous_7)
FN:59,(anonymous_8)
FN:73,(anonymous_9)
FN:85,(anonymous_10)
FNF:6
FNH:6
FNDA:37,(anonymous_5)
FNDA:1,(anonymous_6)
FNDA:1,(anonymous_7)
FNDA:1,(anonymous_8)
FNDA:1,(anonymous_9)
FNDA:1,(anonymous_10)
DA:1,8
DA:2,8
DA:4,8
DA:5,8
DA:6,8
DA:7,8
DA:8,8
DA:9,8
DA:16,8
DA:17,37
DA:19,37
DA:28,8
DA:29,1
DA:30,1
DA:35,1
DA:36,1
DA:46,8
DA:47,1
DA:59,8
DA:60,1
DA:61,1
DA:62,1
DA:73,8
DA:74,1
DA:75,1
DA:85,8
DA:86,1
DA:87,1
DA:88,1
LF:29
LH:29
BRF:0
BRH:0
end_of_record
